D:\iVaN\UAB\Code\videogame\trunk_SVN\\bin\Lib\luabind_d.lib
D:\iVaN\UAB\Code\videogame\trunk_SVN\bin\Intermediate\luabindDebug\cl.command.1.tlog
D:\iVaN\UAB\Code\videogame\trunk_SVN\bin\Intermediate\luabindDebug\CL.read.1.tlog
D:\iVaN\UAB\Code\videogame\trunk_SVN\bin\Intermediate\luabindDebug\CL.write.1.tlog
D:\IVAN\UAB\CODE\VIDEOGAME\TRUNK_SVN\BIN\INTERMEDIATE\LUABINDDEBUG\CLASS.OBJ
D:\IVAN\UAB\CODE\VIDEOGAME\TRUNK_SVN\BIN\INTERMEDIATE\LUABINDDEBUG\CLASS_INFO.OBJ
D:\IVAN\UAB\CODE\VIDEOGAME\TRUNK_SVN\BIN\INTERMEDIATE\LUABINDDEBUG\CLASS_REGISTRY.OBJ
D:\IVAN\UAB\CODE\VIDEOGAME\TRUNK_SVN\BIN\INTERMEDIATE\LUABINDDEBUG\CLASS_REP.OBJ
D:\IVAN\UAB\CODE\VIDEOGAME\TRUNK_SVN\BIN\INTERMEDIATE\LUABINDDEBUG\CREATE_CLASS.OBJ
D:\IVAN\UAB\CODE\VIDEOGAME\TRUNK_SVN\BIN\INTERMEDIATE\LUABINDDEBUG\ERROR.OBJ
D:\IVAN\UAB\CODE\VIDEOGAME\TRUNK_SVN\BIN\INTERMEDIATE\LUABINDDEBUG\EXCEPTION_HANDLER.OBJ
D:\IVAN\UAB\CODE\VIDEOGAME\TRUNK_SVN\BIN\INTERMEDIATE\LUABINDDEBUG\FUNCTION.OBJ
D:\IVAN\UAB\CODE\VIDEOGAME\TRUNK_SVN\BIN\INTERMEDIATE\LUABINDDEBUG\INHERITANCE.OBJ
D:\iVaN\UAB\Code\videogame\trunk_SVN\bin\Intermediate\luabindDebug\lib.command.1.tlog
D:\iVaN\UAB\Code\videogame\trunk_SVN\bin\Intermediate\luabindDebug\Lib-link.read.1.tlog
D:\iVaN\UAB\Code\videogame\trunk_SVN\bin\Intermediate\luabindDebug\Lib-link.write.1.tlog
D:\IVAN\UAB\CODE\VIDEOGAME\TRUNK_SVN\BIN\INTERMEDIATE\LUABINDDEBUG\LINK_COMPATIBILITY.OBJ
D:\iVaN\UAB\Code\videogame\trunk_SVN\bin\Intermediate\luabindDebug\luabind.write.1.tlog
D:\IVAN\UAB\CODE\VIDEOGAME\TRUNK_SVN\BIN\INTERMEDIATE\LUABINDDEBUG\OBJECT_REP.OBJ
D:\IVAN\UAB\CODE\VIDEOGAME\TRUNK_SVN\BIN\INTERMEDIATE\LUABINDDEBUG\OPEN.OBJ
D:\IVAN\UAB\CODE\VIDEOGAME\TRUNK_SVN\BIN\INTERMEDIATE\LUABINDDEBUG\PCALL.OBJ
D:\IVAN\UAB\CODE\VIDEOGAME\TRUNK_SVN\BIN\INTERMEDIATE\LUABINDDEBUG\SCOPE.OBJ
D:\IVAN\UAB\CODE\VIDEOGAME\TRUNK_SVN\BIN\INTERMEDIATE\LUABINDDEBUG\STACK_CONTENT_BY_NAME.OBJ
D:\iVaN\UAB\Code\videogame\trunk_SVN\bin\Intermediate\luabindDebug\vc100.idb
D:\IVAN\UAB\CODE\VIDEOGAME\TRUNK_SVN\BIN\INTERMEDIATE\LUABINDDEBUG\VC100.PDB
D:\IVAN\UAB\CODE\VIDEOGAME\TRUNK_SVN\BIN\INTERMEDIATE\LUABINDDEBUG\WEAK_REF.OBJ
D:\IVAN\UAB\CODE\VIDEOGAME\TRUNK_SVN\BIN\INTERMEDIATE\LUABINDDEBUG\WRAPPER_BASE.OBJ
D:\IVAN\UAB\CODE\VIDEOGAME\TRUNK_SVN\BIN\LIB\LUABIND_D.LIB
