D:\IVAN\UAB\CODE\VIDEOGAME\TRUNK_SVN\BIN\INTERMEDIATE\GRAPHICSRELEASE\ANIMATEDCOREMODEL.OBJ
D:\IVAN\UAB\CODE\VIDEOGAME\TRUNK_SVN\BIN\INTERMEDIATE\GRAPHICSRELEASE\ANIMATEDINSTANCEMODEL.OBJ
D:\IVAN\UAB\CODE\VIDEOGAME\TRUNK_SVN\BIN\INTERMEDIATE\GRAPHICSRELEASE\ANIMATEDMODELSMANAGER.OBJ
D:\IVAN\UAB\CODE\VIDEOGAME\TRUNK_SVN\BIN\INTERMEDIATE\GRAPHICSRELEASE\BEGINRENDERSCENERENDERERCOMMAND.OBJ
D:\IVAN\UAB\CODE\VIDEOGAME\TRUNK_SVN\BIN\INTERMEDIATE\GRAPHICSRELEASE\BILLBOARD.OBJ
D:\IVAN\UAB\CODE\VIDEOGAME\TRUNK_SVN\BIN\INTERMEDIATE\GRAPHICSRELEASE\BILLBOARDANIMATION.OBJ
D:\IVAN\UAB\CODE\VIDEOGAME\TRUNK_SVN\BIN\INTERMEDIATE\GRAPHICSRELEASE\BILLBOARDMANAGER.OBJ
D:\IVAN\UAB\CODE\VIDEOGAME\TRUNK_SVN\BIN\INTERMEDIATE\GRAPHICSRELEASE\BLURHSHADOWMAPSSCENERENDERERCOMMAND.OBJ
D:\IVAN\UAB\CODE\VIDEOGAME\TRUNK_SVN\BIN\INTERMEDIATE\GRAPHICSRELEASE\BLURVSHADOWMAPSSCENERENDERERCOMMAND.OBJ
D:\IVAN\UAB\CODE\VIDEOGAME\TRUNK_SVN\BIN\INTERMEDIATE\GRAPHICSRELEASE\BOXEMITTER.OBJ
D:\IVAN\UAB\CODE\VIDEOGAME\TRUNK_SVN\BIN\INTERMEDIATE\GRAPHICSRELEASE\CAMERA.OBJ
D:\IVAN\UAB\CODE\VIDEOGAME\TRUNK_SVN\BIN\INTERMEDIATE\GRAPHICSRELEASE\CAPTUREFRAMEBUFFERSCENERENDERERCOMMAND.OBJ
D:\IVAN\UAB\CODE\VIDEOGAME\TRUNK_SVN\BIN\INTERMEDIATE\GRAPHICSRELEASE\CIRCLEEMITTER.OBJ
D:\iVaN\UAB\Code\videogame\trunk_SVN\bin\Intermediate\GraphicsRelease\cl.command.1.tlog
D:\iVaN\UAB\Code\videogame\trunk_SVN\bin\Intermediate\GraphicsRelease\CL.read.1.tlog
D:\iVaN\UAB\Code\videogame\trunk_SVN\bin\Intermediate\GraphicsRelease\CL.write.1.tlog
D:\IVAN\UAB\CODE\VIDEOGAME\TRUNK_SVN\BIN\INTERMEDIATE\GRAPHICSRELEASE\CLEARSCENERENDERERCOMMAND.OBJ
D:\IVAN\UAB\CODE\VIDEOGAME\TRUNK_SVN\BIN\INTERMEDIATE\GRAPHICSRELEASE\DEFERREDSHADINGSCENERENDERERCOMMAND.OBJ
D:\IVAN\UAB\CODE\VIDEOGAME\TRUNK_SVN\BIN\INTERMEDIATE\GRAPHICSRELEASE\DIRECTIONALLIGHT.OBJ
D:\IVAN\UAB\CODE\VIDEOGAME\TRUNK_SVN\BIN\INTERMEDIATE\GRAPHICSRELEASE\DISABLEZTESTSCENERENDERERCOMMAND.OBJ
D:\IVAN\UAB\CODE\VIDEOGAME\TRUNK_SVN\BIN\INTERMEDIATE\GRAPHICSRELEASE\DISABLEZWRITESCENERENDERERCOMMAND.OBJ
D:\IVAN\UAB\CODE\VIDEOGAME\TRUNK_SVN\BIN\INTERMEDIATE\GRAPHICSRELEASE\DRAWQUADRENDERERCOMMAND.OBJ
D:\IVAN\UAB\CODE\VIDEOGAME\TRUNK_SVN\BIN\INTERMEDIATE\GRAPHICSRELEASE\EFFECT.OBJ
D:\IVAN\UAB\CODE\VIDEOGAME\TRUNK_SVN\BIN\INTERMEDIATE\GRAPHICSRELEASE\EFFECTMANAGER.OBJ
D:\IVAN\UAB\CODE\VIDEOGAME\TRUNK_SVN\BIN\INTERMEDIATE\GRAPHICSRELEASE\EFFECTTECHNIQUE.OBJ
D:\IVAN\UAB\CODE\VIDEOGAME\TRUNK_SVN\BIN\INTERMEDIATE\GRAPHICSRELEASE\ENABLEZTESTSCENERENDERERCOMMAND.OBJ
D:\IVAN\UAB\CODE\VIDEOGAME\TRUNK_SVN\BIN\INTERMEDIATE\GRAPHICSRELEASE\ENABLEZWRITESCENERENDERERCOMMAND.OBJ
D:\IVAN\UAB\CODE\VIDEOGAME\TRUNK_SVN\BIN\INTERMEDIATE\GRAPHICSRELEASE\ENDRENDERSCENERENDERERCOMMAND.OBJ
D:\IVAN\UAB\CODE\VIDEOGAME\TRUNK_SVN\BIN\INTERMEDIATE\GRAPHICSRELEASE\FONTMANAGER.OBJ
D:\IVAN\UAB\CODE\VIDEOGAME\TRUNK_SVN\BIN\INTERMEDIATE\GRAPHICSRELEASE\FPSCAMERA.OBJ
D:\IVAN\UAB\CODE\VIDEOGAME\TRUNK_SVN\BIN\INTERMEDIATE\GRAPHICSRELEASE\FREECAMERA.OBJ
D:\IVAN\UAB\CODE\VIDEOGAME\TRUNK_SVN\BIN\INTERMEDIATE\GRAPHICSRELEASE\FRUSTUM.OBJ
D:\IVAN\UAB\CODE\VIDEOGAME\TRUNK_SVN\BIN\INTERMEDIATE\GRAPHICSRELEASE\GENERATESHADOWMAPSSCENERENDERERCOMMAND.OBJ
D:\iVaN\UAB\Code\videogame\trunk_SVN\bin\Intermediate\GraphicsRelease\Graphics.write.1.tlog
D:\iVaN\UAB\Code\videogame\trunk_SVN\bin\Intermediate\GraphicsRelease\lib.command.1.tlog
D:\iVaN\UAB\Code\videogame\trunk_SVN\bin\Intermediate\GraphicsRelease\Lib-link.read.1.tlog
D:\iVaN\UAB\Code\videogame\trunk_SVN\bin\Intermediate\GraphicsRelease\Lib-link.write.1.tlog
D:\IVAN\UAB\CODE\VIDEOGAME\TRUNK_SVN\BIN\INTERMEDIATE\GRAPHICSRELEASE\LIGHT.OBJ
D:\IVAN\UAB\CODE\VIDEOGAME\TRUNK_SVN\BIN\INTERMEDIATE\GRAPHICSRELEASE\LIGHTMANAGER.OBJ
D:\IVAN\UAB\CODE\VIDEOGAME\TRUNK_SVN\BIN\INTERMEDIATE\GRAPHICSRELEASE\LINEEMITTER.OBJ
D:\IVAN\UAB\CODE\VIDEOGAME\TRUNK_SVN\BIN\INTERMEDIATE\GRAPHICSRELEASE\MESHINSTANCE.OBJ
D:\IVAN\UAB\CODE\VIDEOGAME\TRUNK_SVN\BIN\INTERMEDIATE\GRAPHICSRELEASE\OBJECT3D.OBJ
D:\IVAN\UAB\CODE\VIDEOGAME\TRUNK_SVN\BIN\INTERMEDIATE\GRAPHICSRELEASE\OMNILIGHT.OBJ
D:\IVAN\UAB\CODE\VIDEOGAME\TRUNK_SVN\BIN\INTERMEDIATE\GRAPHICSRELEASE\PARTICLE.OBJ
D:\IVAN\UAB\CODE\VIDEOGAME\TRUNK_SVN\BIN\INTERMEDIATE\GRAPHICSRELEASE\PARTICLEEMITTER.OBJ
D:\IVAN\UAB\CODE\VIDEOGAME\TRUNK_SVN\BIN\INTERMEDIATE\GRAPHICSRELEASE\PARTICLEMANAGER.OBJ
D:\IVAN\UAB\CODE\VIDEOGAME\TRUNK_SVN\BIN\INTERMEDIATE\GRAPHICSRELEASE\PLANEEMITTER.OBJ
D:\IVAN\UAB\CODE\VIDEOGAME\TRUNK_SVN\BIN\INTERMEDIATE\GRAPHICSRELEASE\POINTEMITTER.OBJ
D:\IVAN\UAB\CODE\VIDEOGAME\TRUNK_SVN\BIN\INTERMEDIATE\GRAPHICSRELEASE\POOLRENDERABLEOBJECTTECHNIQUE.OBJ
D:\IVAN\UAB\CODE\VIDEOGAME\TRUNK_SVN\BIN\INTERMEDIATE\GRAPHICSRELEASE\PRESENTSCENERENDERERCOMMAND.OBJ
D:\IVAN\UAB\CODE\VIDEOGAME\TRUNK_SVN\BIN\INTERMEDIATE\GRAPHICSRELEASE\RENDERABLEOBJECT.OBJ
D:\IVAN\UAB\CODE\VIDEOGAME\TRUNK_SVN\BIN\INTERMEDIATE\GRAPHICSRELEASE\RENDERABLEOBJECTSLAYERSMANAGER.OBJ
D:\IVAN\UAB\CODE\VIDEOGAME\TRUNK_SVN\BIN\INTERMEDIATE\GRAPHICSRELEASE\RENDERABLEOBJECTSMANAGER.OBJ
D:\IVAN\UAB\CODE\VIDEOGAME\TRUNK_SVN\BIN\INTERMEDIATE\GRAPHICSRELEASE\RENDERABLEOBJECTSTECHNIQUEMANAGER.OBJ
D:\IVAN\UAB\CODE\VIDEOGAME\TRUNK_SVN\BIN\INTERMEDIATE\GRAPHICSRELEASE\RENDERABLEOBJECTTECHNIQUE.OBJ
D:\IVAN\UAB\CODE\VIDEOGAME\TRUNK_SVN\BIN\INTERMEDIATE\GRAPHICSRELEASE\RENDERABLEOBJECTTECHNIQUESSCENERENDERERCOMMAND.OBJ
D:\IVAN\UAB\CODE\VIDEOGAME\TRUNK_SVN\BIN\INTERMEDIATE\GRAPHICSRELEASE\RENDERDEBUGCAMERASCENERENDERERCOMMAND.OBJ
D:\IVAN\UAB\CODE\VIDEOGAME\TRUNK_SVN\BIN\INTERMEDIATE\GRAPHICSRELEASE\RENDERDEBUGINFOSCENERENDERERCOMMAND.OBJ
D:\IVAN\UAB\CODE\VIDEOGAME\TRUNK_SVN\BIN\INTERMEDIATE\GRAPHICSRELEASE\RENDERDEBUGLIGHTSSCENESCENERENDERERCOMMAND.OBJ
D:\IVAN\UAB\CODE\VIDEOGAME\TRUNK_SVN\BIN\INTERMEDIATE\GRAPHICSRELEASE\RENDERDEBUGSCENESCENERENDERERCOMMAND.OBJ
D:\IVAN\UAB\CODE\VIDEOGAME\TRUNK_SVN\BIN\INTERMEDIATE\GRAPHICSRELEASE\RENDERDEBUGSHADOWMAPSSCENERENDERERCOMMAND.OBJ
D:\IVAN\UAB\CODE\VIDEOGAME\TRUNK_SVN\BIN\INTERMEDIATE\GRAPHICSRELEASE\RENDERGUISCENERENDERERCOMMAND.OBJ
D:\IVAN\UAB\CODE\VIDEOGAME\TRUNK_SVN\BIN\INTERMEDIATE\GRAPHICSRELEASE\RENDERMANAGER.OBJ
D:\IVAN\UAB\CODE\VIDEOGAME\TRUNK_SVN\BIN\INTERMEDIATE\GRAPHICSRELEASE\RENDERMIRRORSSCENERENDERERCOMMAND.OBJ
D:\IVAN\UAB\CODE\VIDEOGAME\TRUNK_SVN\BIN\INTERMEDIATE\GRAPHICSRELEASE\RENDERPARTICLESSCENERENDERERCOMMAND.OBJ
D:\IVAN\UAB\CODE\VIDEOGAME\TRUNK_SVN\BIN\INTERMEDIATE\GRAPHICSRELEASE\RENDERSCENESCENERENDERERCOMMAND.OBJ
D:\IVAN\UAB\CODE\VIDEOGAME\TRUNK_SVN\BIN\INTERMEDIATE\GRAPHICSRELEASE\SCENERENDERERCOMMAND.OBJ
D:\IVAN\UAB\CODE\VIDEOGAME\TRUNK_SVN\BIN\INTERMEDIATE\GRAPHICSRELEASE\SCENERENDERERCOMMANDMANAGER.OBJ
D:\IVAN\UAB\CODE\VIDEOGAME\TRUNK_SVN\BIN\INTERMEDIATE\GRAPHICSRELEASE\SCISSORRECTSCENERENDERERCOMMAND.OBJ
D:\IVAN\UAB\CODE\VIDEOGAME\TRUNK_SVN\BIN\INTERMEDIATE\GRAPHICSRELEASE\SETRENDERTARGETSCENERENDERERCOMMAND.OBJ
D:\IVAN\UAB\CODE\VIDEOGAME\TRUNK_SVN\BIN\INTERMEDIATE\GRAPHICSRELEASE\SETUPMATRICESSCENERENDERERCOMMAND.OBJ
D:\IVAN\UAB\CODE\VIDEOGAME\TRUNK_SVN\BIN\INTERMEDIATE\GRAPHICSRELEASE\SPHEREEMITTER.OBJ
D:\IVAN\UAB\CODE\VIDEOGAME\TRUNK_SVN\BIN\INTERMEDIATE\GRAPHICSRELEASE\SPOTLIGHT.OBJ
D:\IVAN\UAB\CODE\VIDEOGAME\TRUNK_SVN\BIN\INTERMEDIATE\GRAPHICSRELEASE\STAGEDTEXTUREDRENDERERCOMMAND.OBJ
D:\IVAN\UAB\CODE\VIDEOGAME\TRUNK_SVN\BIN\INTERMEDIATE\GRAPHICSRELEASE\STATICMESH.OBJ
D:\IVAN\UAB\CODE\VIDEOGAME\TRUNK_SVN\BIN\INTERMEDIATE\GRAPHICSRELEASE\STATICMESHMANAGER.OBJ
D:\IVAN\UAB\CODE\VIDEOGAME\TRUNK_SVN\BIN\INTERMEDIATE\GRAPHICSRELEASE\TEXTURE.OBJ
D:\IVAN\UAB\CODE\VIDEOGAME\TRUNK_SVN\BIN\INTERMEDIATE\GRAPHICSRELEASE\TEXTUREMANAGER.OBJ
D:\IVAN\UAB\CODE\VIDEOGAME\TRUNK_SVN\BIN\INTERMEDIATE\GRAPHICSRELEASE\THIRDPERSONCAMERA.OBJ
D:\IVAN\UAB\CODE\VIDEOGAME\TRUNK_SVN\BIN\INTERMEDIATE\GRAPHICSRELEASE\THPSCAMERA.OBJ
D:\IVAN\UAB\CODE\VIDEOGAME\TRUNK_SVN\BIN\INTERMEDIATE\GRAPHICSRELEASE\TORUSEMITTER.OBJ
D:\IVAN\UAB\CODE\VIDEOGAME\TRUNK_SVN\BIN\INTERMEDIATE\GRAPHICSRELEASE\UNSETRENDERTARGETSCENERENDERERCOMMAND.OBJ
D:\IVAN\UAB\CODE\VIDEOGAME\TRUNK_SVN\BIN\INTERMEDIATE\GRAPHICSRELEASE\UNSETSCISSORRECTSCENERENDERERCOMMAND.OBJ
D:\IVAN\UAB\CODE\VIDEOGAME\TRUNK_SVN\BIN\INTERMEDIATE\GRAPHICSRELEASE\VC100.PDB
D:\IVAN\UAB\CODE\VIDEOGAME\TRUNK_SVN\BIN\INTERMEDIATE\GRAPHICSRELEASE\VERTEXTYPE.OBJ
D:\IVAN\UAB\CODE\VIDEOGAME\TRUNK_SVN\BIN\LIB\GRAPHICS.LIB
