D:\iVaN\UAB\Code\videogame\trunk_SVN\bin\Intermediate\BaseRelease\Base.write.1.tlog
D:\iVaN\UAB\Code\videogame\trunk_SVN\bin\Intermediate\BaseRelease\cl.command.1.tlog
D:\iVaN\UAB\Code\videogame\trunk_SVN\bin\Intermediate\BaseRelease\CL.read.1.tlog
D:\iVaN\UAB\Code\videogame\trunk_SVN\bin\Intermediate\BaseRelease\CL.write.1.tlog
D:\IVAN\UAB\CODE\VIDEOGAME\TRUNK_SVN\BIN\INTERMEDIATE\BASERELEASE\CONSOLE.OBJ
D:\IVAN\UAB\CODE\VIDEOGAME\TRUNK_SVN\BIN\INTERMEDIATE\BASERELEASE\COUNTDOWNTIMER.OBJ
D:\IVAN\UAB\CODE\VIDEOGAME\TRUNK_SVN\BIN\INTERMEDIATE\BASERELEASE\EXCEPTION.OBJ
D:\IVAN\UAB\CODE\VIDEOGAME\TRUNK_SVN\BIN\INTERMEDIATE\BASERELEASE\LANGUAGEMANAGER.OBJ
D:\IVAN\UAB\CODE\VIDEOGAME\TRUNK_SVN\BIN\INTERMEDIATE\BASERELEASE\LERPANIMATOR1D.OBJ
D:\IVAN\UAB\CODE\VIDEOGAME\TRUNK_SVN\BIN\INTERMEDIATE\BASERELEASE\LERPANIMATOR2D.OBJ
D:\IVAN\UAB\CODE\VIDEOGAME\TRUNK_SVN\BIN\INTERMEDIATE\BASERELEASE\LERPANIMATOR3D.OBJ
D:\iVaN\UAB\Code\videogame\trunk_SVN\bin\Intermediate\BaseRelease\lib.command.1.tlog
D:\iVaN\UAB\Code\videogame\trunk_SVN\bin\Intermediate\BaseRelease\Lib-link.read.1.tlog
D:\iVaN\UAB\Code\videogame\trunk_SVN\bin\Intermediate\BaseRelease\Lib-link.write.1.tlog
D:\IVAN\UAB\CODE\VIDEOGAME\TRUNK_SVN\BIN\INTERMEDIATE\BASERELEASE\LOGGER.OBJ
D:\IVAN\UAB\CODE\VIDEOGAME\TRUNK_SVN\BIN\INTERMEDIATE\BASERELEASE\LOGRENDER.OBJ
D:\IVAN\UAB\CODE\VIDEOGAME\TRUNK_SVN\BIN\INTERMEDIATE\BASERELEASE\MATHCONSTANTS.OBJ
D:\IVAN\UAB\CODE\VIDEOGAME\TRUNK_SVN\BIN\INTERMEDIATE\BASERELEASE\MEMLEAKS.OBJ
D:\IVAN\UAB\CODE\VIDEOGAME\TRUNK_SVN\BIN\INTERMEDIATE\BASERELEASE\RANDOM.OBJ
D:\IVAN\UAB\CODE\VIDEOGAME\TRUNK_SVN\BIN\INTERMEDIATE\BASERELEASE\SCRIPTMANAGER.OBJ
D:\IVAN\UAB\CODE\VIDEOGAME\TRUNK_SVN\BIN\INTERMEDIATE\BASERELEASE\TIMER.OBJ
D:\IVAN\UAB\CODE\VIDEOGAME\TRUNK_SVN\BIN\INTERMEDIATE\BASERELEASE\TRIGGER.OBJ
D:\IVAN\UAB\CODE\VIDEOGAME\TRUNK_SVN\BIN\INTERMEDIATE\BASERELEASE\TRIGGERMANAGER.OBJ
D:\IVAN\UAB\CODE\VIDEOGAME\TRUNK_SVN\BIN\INTERMEDIATE\BASERELEASE\VC100.PDB
D:\IVAN\UAB\CODE\VIDEOGAME\TRUNK_SVN\BIN\INTERMEDIATE\BASERELEASE\XMLTREENODE.OBJ
D:\IVAN\UAB\CODE\VIDEOGAME\TRUNK_SVN\BIN\LIB\BASE.LIB
