D:\IVAN\UAB\CODE\VIDEOGAME\TRUNK_SVN\BIN\INTERMEDIATE\CAL3DRELEASE\CAL3D.DLL.INTERMEDIATE.MANIFEST
D:\IVAN\UAB\CODE\VIDEOGAME\TRUNK_SVN\BIN\INTERMEDIATE\CAL3DRELEASE\CAL3D.RES
D:\iVaN\UAB\Code\videogame\trunk_SVN\bin\Intermediate\cal3dRelease\cal3d.write.1.tlog
D:\iVaN\UAB\Code\videogame\trunk_SVN\bin\Intermediate\cal3dRelease\cl.command.1.tlog
D:\iVaN\UAB\Code\videogame\trunk_SVN\bin\Intermediate\cal3dRelease\CL.read.1.tlog
D:\iVaN\UAB\Code\videogame\trunk_SVN\bin\Intermediate\cal3dRelease\CL.write.1.tlog
D:\iVaN\UAB\Code\videogame\trunk_SVN\bin\Intermediate\cal3dRelease\link.command.1.tlog
D:\iVaN\UAB\Code\videogame\trunk_SVN\bin\Intermediate\cal3dRelease\link.read.1.tlog
D:\iVaN\UAB\Code\videogame\trunk_SVN\bin\Intermediate\cal3dRelease\link.write.1.tlog
D:\iVaN\UAB\Code\videogame\trunk_SVN\bin\Intermediate\cal3dRelease\link-cvtres.read.1.tlog
D:\iVaN\UAB\Code\videogame\trunk_SVN\bin\Intermediate\cal3dRelease\link-cvtres.write.1.tlog
D:\iVaN\UAB\Code\videogame\trunk_SVN\bin\Intermediate\cal3dRelease\mt.command.1.tlog
D:\iVaN\UAB\Code\videogame\trunk_SVN\bin\Intermediate\cal3dRelease\mt.read.1.tlog
D:\iVaN\UAB\Code\videogame\trunk_SVN\bin\Intermediate\cal3dRelease\mt.write.1.tlog
D:\iVaN\UAB\Code\videogame\trunk_SVN\bin\Intermediate\cal3dRelease\rc.command.1.tlog
D:\iVaN\UAB\Code\videogame\trunk_SVN\bin\Intermediate\cal3dRelease\rc.read.1.tlog
D:\iVaN\UAB\Code\videogame\trunk_SVN\bin\Intermediate\cal3dRelease\rc.write.1.tlog
D:\IVAN\UAB\CODE\VIDEOGAME\TRUNK_SVN\BIN\LIB\CAL3D.DLL
D:\iVaN\UAB\Code\videogame\trunk_SVN\bin\lib\cal3d.exp
D:\iVaN\UAB\Code\videogame\trunk_SVN\bin\lib\cal3d.lib
D:\IVAN\UAB\CODE\VIDEOGAME\TRUNK_SVN\CODE\ENGINE\3DPARTY\CAL3D-0.11RC2\SRC\CAL3D\RELEASE\ANIMATION.OBJ
D:\IVAN\UAB\CODE\VIDEOGAME\TRUNK_SVN\CODE\ENGINE\3DPARTY\CAL3D-0.11RC2\SRC\CAL3D\RELEASE\ANIMATION_ACTION.OBJ
D:\IVAN\UAB\CODE\VIDEOGAME\TRUNK_SVN\CODE\ENGINE\3DPARTY\CAL3D-0.11RC2\SRC\CAL3D\RELEASE\ANIMATION_CYCLE.OBJ
D:\IVAN\UAB\CODE\VIDEOGAME\TRUNK_SVN\CODE\ENGINE\3DPARTY\CAL3D-0.11RC2\SRC\CAL3D\RELEASE\BONE.OBJ
D:\IVAN\UAB\CODE\VIDEOGAME\TRUNK_SVN\CODE\ENGINE\3DPARTY\CAL3D-0.11RC2\SRC\CAL3D\RELEASE\BUFFERSOURCE.OBJ
D:\IVAN\UAB\CODE\VIDEOGAME\TRUNK_SVN\CODE\ENGINE\3DPARTY\CAL3D-0.11RC2\SRC\CAL3D\RELEASE\CAL3D_WRAPPER.OBJ
D:\IVAN\UAB\CODE\VIDEOGAME\TRUNK_SVN\CODE\ENGINE\3DPARTY\CAL3D-0.11RC2\SRC\CAL3D\RELEASE\COREANIMATION.OBJ
D:\IVAN\UAB\CODE\VIDEOGAME\TRUNK_SVN\CODE\ENGINE\3DPARTY\CAL3D-0.11RC2\SRC\CAL3D\RELEASE\COREBONE.OBJ
D:\IVAN\UAB\CODE\VIDEOGAME\TRUNK_SVN\CODE\ENGINE\3DPARTY\CAL3D-0.11RC2\SRC\CAL3D\RELEASE\COREKEYFRAME.OBJ
D:\IVAN\UAB\CODE\VIDEOGAME\TRUNK_SVN\CODE\ENGINE\3DPARTY\CAL3D-0.11RC2\SRC\CAL3D\RELEASE\COREMATERIAL.OBJ
D:\IVAN\UAB\CODE\VIDEOGAME\TRUNK_SVN\CODE\ENGINE\3DPARTY\CAL3D-0.11RC2\SRC\CAL3D\RELEASE\COREMESH.OBJ
D:\IVAN\UAB\CODE\VIDEOGAME\TRUNK_SVN\CODE\ENGINE\3DPARTY\CAL3D-0.11RC2\SRC\CAL3D\RELEASE\COREMODEL.OBJ
D:\IVAN\UAB\CODE\VIDEOGAME\TRUNK_SVN\CODE\ENGINE\3DPARTY\CAL3D-0.11RC2\SRC\CAL3D\RELEASE\COREMORPHANIMATION.OBJ
D:\IVAN\UAB\CODE\VIDEOGAME\TRUNK_SVN\CODE\ENGINE\3DPARTY\CAL3D-0.11RC2\SRC\CAL3D\RELEASE\CORESKELETON.OBJ
D:\IVAN\UAB\CODE\VIDEOGAME\TRUNK_SVN\CODE\ENGINE\3DPARTY\CAL3D-0.11RC2\SRC\CAL3D\RELEASE\CORESUBMESH.OBJ
D:\IVAN\UAB\CODE\VIDEOGAME\TRUNK_SVN\CODE\ENGINE\3DPARTY\CAL3D-0.11RC2\SRC\CAL3D\RELEASE\CORESUBMORPHTARGET.OBJ
D:\IVAN\UAB\CODE\VIDEOGAME\TRUNK_SVN\CODE\ENGINE\3DPARTY\CAL3D-0.11RC2\SRC\CAL3D\RELEASE\CORETRACK.OBJ
D:\IVAN\UAB\CODE\VIDEOGAME\TRUNK_SVN\CODE\ENGINE\3DPARTY\CAL3D-0.11RC2\SRC\CAL3D\RELEASE\ERROR.OBJ
D:\IVAN\UAB\CODE\VIDEOGAME\TRUNK_SVN\CODE\ENGINE\3DPARTY\CAL3D-0.11RC2\SRC\CAL3D\RELEASE\GLOBAL.OBJ
D:\IVAN\UAB\CODE\VIDEOGAME\TRUNK_SVN\CODE\ENGINE\3DPARTY\CAL3D-0.11RC2\SRC\CAL3D\RELEASE\HARDWAREMODEL.OBJ
D:\IVAN\UAB\CODE\VIDEOGAME\TRUNK_SVN\CODE\ENGINE\3DPARTY\CAL3D-0.11RC2\SRC\CAL3D\RELEASE\LOADER.OBJ
D:\IVAN\UAB\CODE\VIDEOGAME\TRUNK_SVN\CODE\ENGINE\3DPARTY\CAL3D-0.11RC2\SRC\CAL3D\RELEASE\MATRIX.OBJ
D:\IVAN\UAB\CODE\VIDEOGAME\TRUNK_SVN\CODE\ENGINE\3DPARTY\CAL3D-0.11RC2\SRC\CAL3D\RELEASE\MESH.OBJ
D:\IVAN\UAB\CODE\VIDEOGAME\TRUNK_SVN\CODE\ENGINE\3DPARTY\CAL3D-0.11RC2\SRC\CAL3D\RELEASE\MIXER.OBJ
D:\IVAN\UAB\CODE\VIDEOGAME\TRUNK_SVN\CODE\ENGINE\3DPARTY\CAL3D-0.11RC2\SRC\CAL3D\RELEASE\MODEL.OBJ
D:\IVAN\UAB\CODE\VIDEOGAME\TRUNK_SVN\CODE\ENGINE\3DPARTY\CAL3D-0.11RC2\SRC\CAL3D\RELEASE\MORPHTARGETMIXER.OBJ
D:\IVAN\UAB\CODE\VIDEOGAME\TRUNK_SVN\CODE\ENGINE\3DPARTY\CAL3D-0.11RC2\SRC\CAL3D\RELEASE\PHYSIQUE.OBJ
D:\IVAN\UAB\CODE\VIDEOGAME\TRUNK_SVN\CODE\ENGINE\3DPARTY\CAL3D-0.11RC2\SRC\CAL3D\RELEASE\PLATFORM.OBJ
D:\IVAN\UAB\CODE\VIDEOGAME\TRUNK_SVN\CODE\ENGINE\3DPARTY\CAL3D-0.11RC2\SRC\CAL3D\RELEASE\QUATERNION.OBJ
D:\IVAN\UAB\CODE\VIDEOGAME\TRUNK_SVN\CODE\ENGINE\3DPARTY\CAL3D-0.11RC2\SRC\CAL3D\RELEASE\RENDERER.OBJ
D:\IVAN\UAB\CODE\VIDEOGAME\TRUNK_SVN\CODE\ENGINE\3DPARTY\CAL3D-0.11RC2\SRC\CAL3D\RELEASE\SAVER.OBJ
D:\IVAN\UAB\CODE\VIDEOGAME\TRUNK_SVN\CODE\ENGINE\3DPARTY\CAL3D-0.11RC2\SRC\CAL3D\RELEASE\SKELETON.OBJ
D:\IVAN\UAB\CODE\VIDEOGAME\TRUNK_SVN\CODE\ENGINE\3DPARTY\CAL3D-0.11RC2\SRC\CAL3D\RELEASE\SPRINGSYSTEM.OBJ
D:\IVAN\UAB\CODE\VIDEOGAME\TRUNK_SVN\CODE\ENGINE\3DPARTY\CAL3D-0.11RC2\SRC\CAL3D\RELEASE\STREAMSOURCE.OBJ
D:\IVAN\UAB\CODE\VIDEOGAME\TRUNK_SVN\CODE\ENGINE\3DPARTY\CAL3D-0.11RC2\SRC\CAL3D\RELEASE\SUBMESH.OBJ
D:\IVAN\UAB\CODE\VIDEOGAME\TRUNK_SVN\CODE\ENGINE\3DPARTY\CAL3D-0.11RC2\SRC\CAL3D\RELEASE\TINYXML.OBJ
D:\IVAN\UAB\CODE\VIDEOGAME\TRUNK_SVN\CODE\ENGINE\3DPARTY\CAL3D-0.11RC2\SRC\CAL3D\RELEASE\TINYXMLERROR.OBJ
D:\IVAN\UAB\CODE\VIDEOGAME\TRUNK_SVN\CODE\ENGINE\3DPARTY\CAL3D-0.11RC2\SRC\CAL3D\RELEASE\TINYXMLPARSER.OBJ
D:\IVAN\UAB\CODE\VIDEOGAME\TRUNK_SVN\CODE\ENGINE\3DPARTY\CAL3D-0.11RC2\SRC\CAL3D\RELEASE\VC100.PDB
D:\IVAN\UAB\CODE\VIDEOGAME\TRUNK_SVN\CODE\ENGINE\3DPARTY\CAL3D-0.11RC2\SRC\CAL3D\RELEASE\VECTOR.OBJ
