D:\IVAN\UAB\CODE\VIDEOGAME\TRUNK_SVN\BIN\INTERMEDIATE\GAMEDEBUG\AIMONSTER.OBJ
D:\IVAN\UAB\CODE\VIDEOGAME\TRUNK_SVN\BIN\INTERMEDIATE\GAMEDEBUG\AIMTASK.OBJ
D:\IVAN\UAB\CODE\VIDEOGAME\TRUNK_SVN\BIN\INTERMEDIATE\GAMEDEBUG\AISOLDIER.OBJ
D:\IVAN\UAB\CODE\VIDEOGAME\TRUNK_SVN\BIN\INTERMEDIATE\GAMEDEBUG\ALERTTASK.OBJ
D:\IVAN\UAB\CODE\VIDEOGAME\TRUNK_SVN\BIN\INTERMEDIATE\GAMEDEBUG\ATTACKSTATE.OBJ
D:\IVAN\UAB\CODE\VIDEOGAME\TRUNK_SVN\BIN\INTERMEDIATE\GAMEDEBUG\BATTLETASK.OBJ
D:\IVAN\UAB\CODE\VIDEOGAME\TRUNK_SVN\BIN\INTERMEDIATE\GAMEDEBUG\BROKENMIRROROBJECT.OBJ
D:\IVAN\UAB\CODE\VIDEOGAME\TRUNK_SVN\BIN\INTERMEDIATE\GAMEDEBUG\BULLET.OBJ
D:\IVAN\UAB\CODE\VIDEOGAME\TRUNK_SVN\BIN\INTERMEDIATE\GAMEDEBUG\BULLETMANAGER.OBJ
D:\IVAN\UAB\CODE\VIDEOGAME\TRUNK_SVN\BIN\INTERMEDIATE\GAMEDEBUG\CHARACTER.OBJ
D:\IVAN\UAB\CODE\VIDEOGAME\TRUNK_SVN\BIN\INTERMEDIATE\GAMEDEBUG\CHASESTATE.OBJ
D:\iVaN\UAB\Code\videogame\trunk_SVN\bin\Intermediate\GameDebug\cl.command.1.tlog
D:\iVaN\UAB\Code\videogame\trunk_SVN\bin\Intermediate\GameDebug\CL.read.1.tlog
D:\iVaN\UAB\Code\videogame\trunk_SVN\bin\Intermediate\GameDebug\CL.write.1.tlog
D:\IVAN\UAB\CODE\VIDEOGAME\TRUNK_SVN\BIN\INTERMEDIATE\GAMEDEBUG\COVERMANAGER.OBJ
D:\IVAN\UAB\CODE\VIDEOGAME\TRUNK_SVN\BIN\INTERMEDIATE\GAMEDEBUG\DEADTASK.OBJ
D:\IVAN\UAB\CODE\VIDEOGAME\TRUNK_SVN\BIN\INTERMEDIATE\GAMEDEBUG\DOOROBJECT.OBJ
D:\IVAN\UAB\CODE\VIDEOGAME\TRUNK_SVN\BIN\INTERMEDIATE\GAMEDEBUG\ELEVATORANIMATEDPHYSICMODEL.OBJ
D:\IVAN\UAB\CODE\VIDEOGAME\TRUNK_SVN\BIN\INTERMEDIATE\GAMEDEBUG\ELEVATOROBJECT.OBJ
D:\IVAN\UAB\CODE\VIDEOGAME\TRUNK_SVN\BIN\INTERMEDIATE\GAMEDEBUG\ENEMYMANAGER.OBJ
D:\IVAN\UAB\CODE\VIDEOGAME\TRUNK_SVN\BIN\INTERMEDIATE\GAMEDEBUG\ENERGYRECOVER.OBJ
D:\IVAN\UAB\CODE\VIDEOGAME\TRUNK_SVN\BIN\INTERMEDIATE\GAMEDEBUG\ESCAPESTATE.OBJ
D:\IVAN\UAB\CODE\VIDEOGAME\TRUNK_SVN\BIN\INTERMEDIATE\GAMEDEBUG\FANOBJECT.OBJ
D:\iVaN\UAB\Code\videogame\trunk_SVN\bin\Intermediate\GameDebug\Game.vcxprojResolveAssemblyReference.cache
D:\iVaN\UAB\Code\videogame\trunk_SVN\bin\Intermediate\GameDebug\Game.write.1.tlog
D:\IVAN\UAB\CODE\VIDEOGAME\TRUNK_SVN\BIN\INTERMEDIATE\GAMEDEBUG\HURTTASK.OBJ
D:\IVAN\UAB\CODE\VIDEOGAME\TRUNK_SVN\BIN\INTERMEDIATE\GAMEDEBUG\IDLESTATE.OBJ
D:\IVAN\UAB\CODE\VIDEOGAME\TRUNK_SVN\BIN\INTERMEDIATE\GAMEDEBUG\IDLETASK.OBJ
D:\IVAN\UAB\CODE\VIDEOGAME\TRUNK_SVN\BIN\INTERMEDIATE\GAMEDEBUG\LASERS.OBJ
D:\iVaN\UAB\Code\videogame\trunk_SVN\bin\Intermediate\GameDebug\lib.command.1.tlog
D:\iVaN\UAB\Code\videogame\trunk_SVN\bin\Intermediate\GameDebug\Lib-link.read.1.tlog
D:\iVaN\UAB\Code\videogame\trunk_SVN\bin\Intermediate\GameDebug\Lib-link.write.1.tlog
D:\IVAN\UAB\CODE\VIDEOGAME\TRUNK_SVN\BIN\INTERMEDIATE\GAMEDEBUG\LIFERECOVER.OBJ
D:\IVAN\UAB\CODE\VIDEOGAME\TRUNK_SVN\BIN\INTERMEDIATE\GAMEDEBUG\LOGICOBJECT.OBJ
D:\IVAN\UAB\CODE\VIDEOGAME\TRUNK_SVN\BIN\INTERMEDIATE\GAMEDEBUG\LOGICOBJECTSMANAGER.OBJ
D:\IVAN\UAB\CODE\VIDEOGAME\TRUNK_SVN\BIN\INTERMEDIATE\GAMEDEBUG\MIRROROBJECT.OBJ
D:\IVAN\UAB\CODE\VIDEOGAME\TRUNK_SVN\BIN\INTERMEDIATE\GAMEDEBUG\MIRRORPIECEOBJECT.OBJ
D:\IVAN\UAB\CODE\VIDEOGAME\TRUNK_SVN\BIN\INTERMEDIATE\GAMEDEBUG\MONSTER.OBJ
D:\IVAN\UAB\CODE\VIDEOGAME\TRUNK_SVN\BIN\INTERMEDIATE\GAMEDEBUG\MOVETASK.OBJ
D:\IVAN\UAB\CODE\VIDEOGAME\TRUNK_SVN\BIN\INTERMEDIATE\GAMEDEBUG\NODE.OBJ
D:\IVAN\UAB\CODE\VIDEOGAME\TRUNK_SVN\BIN\INTERMEDIATE\GAMEDEBUG\NODEMANAGER.OBJ
D:\IVAN\UAB\CODE\VIDEOGAME\TRUNK_SVN\BIN\INTERMEDIATE\GAMEDEBUG\PATROLSTATE.OBJ
D:\IVAN\UAB\CODE\VIDEOGAME\TRUNK_SVN\BIN\INTERMEDIATE\GAMEDEBUG\PATROLTASK.OBJ
D:\IVAN\UAB\CODE\VIDEOGAME\TRUNK_SVN\BIN\INTERMEDIATE\GAMEDEBUG\PLAYER.OBJ
D:\IVAN\UAB\CODE\VIDEOGAME\TRUNK_SVN\BIN\INTERMEDIATE\GAMEDEBUG\ROOTTASK.OBJ
D:\IVAN\UAB\CODE\VIDEOGAME\TRUNK_SVN\BIN\INTERMEDIATE\GAMEDEBUG\SHOOTTASK.OBJ
D:\IVAN\UAB\CODE\VIDEOGAME\TRUNK_SVN\BIN\INTERMEDIATE\GAMEDEBUG\SOLDIER.OBJ
D:\IVAN\UAB\CODE\VIDEOGAME\TRUNK_SVN\BIN\INTERMEDIATE\GAMEDEBUG\SPAWNPOINTOBJECT.OBJ
D:\IVAN\UAB\CODE\VIDEOGAME\TRUNK_SVN\BIN\INTERMEDIATE\GAMEDEBUG\STATEMACHINE.OBJ
D:\IVAN\UAB\CODE\VIDEOGAME\TRUNK_SVN\BIN\INTERMEDIATE\GAMEDEBUG\TASKMANAGER.OBJ
D:\IVAN\UAB\CODE\VIDEOGAME\TRUNK_SVN\BIN\INTERMEDIATE\GAMEDEBUG\TUTORIALOBJECT.OBJ
D:\iVaN\UAB\Code\videogame\trunk_SVN\bin\Intermediate\GameDebug\vc100.idb
D:\IVAN\UAB\CODE\VIDEOGAME\TRUNK_SVN\BIN\INTERMEDIATE\GAMEDEBUG\VC100.PDB
D:\IVAN\UAB\CODE\VIDEOGAME\TRUNK_SVN\BIN\INTERMEDIATE\GAMEDEBUG\WANDERSTATE.OBJ
D:\IVAN\UAB\CODE\VIDEOGAME\TRUNK_SVN\BIN\INTERMEDIATE\GAMEDEBUG\WEAPON.OBJ
D:\IVAN\UAB\CODE\VIDEOGAME\TRUNK_SVN\BIN\INTERMEDIATE\GAMEDEBUG\WORLD.OBJ
D:\IVAN\UAB\CODE\VIDEOGAME\TRUNK_SVN\BIN\LIB\GAME_D.LIB
