Compilación iniciada a las 18/10/2012 16:07:21.
     1>Proyecto "D:\UAB\Projects\videogame\trunk\Code\Tools\Viewer\Viewer.vcxproj" en el nodo 4 (build destinos).
     1>InitializeBuildStatus:
         Se creará "D:\UAB\Projects\videogame\trunk\\bin\Intermediate\ViewerRelease\Viewer.unsuccessfulbuild" porque se especificó "AlwaysCreate".
       ClCompile:
         c:\Program Files (x86)\Microsoft Visual Studio 10.0\VC\bin\CL.exe /c /ID:\UAB\Projects\videogame\trunk\\Code\Engine\PhysX /I"C:\Program Files (x86)\Microsoft DirectX SDK (June 2010)\\Include" /I"D:\UAB\Projects\videogame\trunk\\Code\Engine\3dParty\iconv-1.9.2.win32\include" /I"D:\UAB\Projects\videogame\trunk\\Code\Engine\3dParty\libxml2-2.7.2.win32\include" /ID:\UAB\Projects\videogame\trunk\\Code\Engine\Base /ID:\UAB\Projects\videogame\trunk\\Code\Engine\Core /ID:\UAB\Projects\videogame\trunk\\Code\Engine\Base\Math\ /ID:\UAB\Projects\videogame\trunk\\Code\Engine\Graphics\ /ID:\UAB\Projects\videogame\trunk\\Code\Engine\Input /I"D:\UAB\Projects\videogame\trunk\\Code\Engine\3dParty\cal3d-0.11rc2\src" /ID:\UAB\Projects\videogame\trunk\\Code\Engine\GUI /I"D:\UAB\Projects\videogame\trunk\\Code\Engine\3dParty\lua-5.2.0\src\\" /I"D:\UAB\Projects\videogame\trunk\\Code\Engine\3dParty\luabind-0.9.1\\" /ID:\UAB\Projects\videogame\trunk\\Code\Engine\3dParty\boost_1_48_0\ /ID:\UAB\Projects\videogame\trunk\\Code\Engine\Game\AI /ID:\UAB\Projects\videogame\trunk\\Code\Engine\Game\Characters /ID:\UAB\Projects\videogame\trunk\\Code\Engine\Game\Logic /ID:\UAB\Projects\videogame\trunk\\Code\Engine\Game\ /Zi /nologo /W3 /WX /O2 /Oi /Oy- /GL /D WIN32 /D NDEBUG /D _WINDOWS /D _MBCS /Gm- /EHsc /MD /GS /Gy /fp:precise /Zc:wchar_t /Zc:forScope /Fo"D:\UAB\Projects\videogame\trunk\\bin\Intermediate\ViewerRelease\\" /Fd"D:\UAB\Projects\videogame\trunk\\bin\Intermediate\ViewerRelease\vc100.pdb" /Gd /TP /analyze- /errorReport:prompt ViewerProcess.cpp
         ViewerProcess.cpp
       Link:
         c:\Program Files (x86)\Microsoft Visual Studio 10.0\VC\bin\link.exe /ERRORREPORT:PROMPT /OUT:"D:\UAB\Projects\videogame\trunk\\run\Viewer\\Viewer.exe" /INCREMENTAL:NO /NOLOGO /LIBPATH:"C:\Program Files (x86)\NVIDIA Corporation\NVIDIA PhysX SDK\v2.8.1\SDKs\lib\Win32" /LIBPATH:"D:\UAB\Projects\videogame\trunk\\Code\Engine\3dParty\libxml2-2.7.2.win32\lib" /LIBPATH:D:\UAB\Projects\videogame\trunk\\Bin\lib /LIBPATH:"C:\Program Files (x86)\Microsoft DirectX SDK (June 2010)\\Lib\x86" /LIBPATH:"D:\UAB\Projects\videogame\trunk\\Code\Engine\3dParty\cal3d-0.11rc2\bin\Lib" /LIBPATH:D:\UAB\Projects\videogame\trunk\\Code\Engine\3dParty\openAL d3dx9d.lib d3d9.lib libxml2.lib base.lib core.lib cal3d.lib Winmm.lib graphics.lib input.lib d3dxof.lib dxguid.lib winmm.lib dinput8.lib xinput.lib LUA.lib luabind.lib PhysXLoader.lib NxCooking.lib NxCharacter.lib PhysX.lib GUI.lib sound.lib OpenAL32.lib alut.lib Game.lib kernel32.lib user32.lib gdi32.lib winspool.lib comdlg32.lib advapi32.lib shell32.lib ole32.lib oleaut32.lib uuid.lib odbc32.lib odbccp32.lib /MANIFEST /ManifestFile:"D:\UAB\Projects\videogame\trunk\\bin\Intermediate\ViewerRelease\Viewer.exe.intermediate.manifest" /MANIFESTUAC:"level='asInvoker' uiAccess='false'" /DEBUG /PDB:"D:\UAB\Projects\videogame\trunk\run\Viewer\Viewer.pdb" /SUBSYSTEM:WINDOWS /OPT:REF /OPT:ICF /LTCG /TLBID:1 /DYNAMICBASE /NXCOMPAT /IMPLIB:"D:\UAB\Projects\videogame\trunk\\run\Viewer\Viewer.lib" /MACHINE:X86 D:\UAB\Projects\videogame\trunk\\bin\Intermediate\ViewerRelease\viewer.obj
         D:\UAB\Projects\videogame\trunk\\bin\Intermediate\ViewerRelease\ViewerProcess.obj
         Generando código
         Generación de código finalizada
         Viewer.vcxproj -> D:\UAB\Projects\videogame\trunk\\run\Viewer\Viewer.exe
       Manifest:
         c:\Program Files (x86)\Microsoft SDKs\Windows\v7.0A\bin\mt.exe /nologo /verbose /outputresource:"D:\UAB\Projects\videogame\trunk\\run\Viewer\\Viewer.exe;#1" /manifest D:\UAB\Projects\videogame\trunk\\bin\Intermediate\ViewerRelease\Viewer.exe.intermediate.manifest
       FinalizeBuildStatus:
         Se eliminará el archivo "D:\UAB\Projects\videogame\trunk\\bin\Intermediate\ViewerRelease\Viewer.unsuccessfulbuild".
         Aplicando tarea Touch a "D:\UAB\Projects\videogame\trunk\\bin\Intermediate\ViewerRelease\Viewer.lastbuildstate".
     1>Compilación del proyecto terminada "D:\UAB\Projects\videogame\trunk\Code\Tools\Viewer\Viewer.vcxproj" (build destinos).

Compilación correcta.

Tiempo transcurrido 00:00:51.33
