D:\IVAN\UAB\CODE\VIDEOGAME\TRUNK_SVN\BIN\INTERMEDIATE\GRAPHICSDEBUG\ANIMATEDCOREMODEL.OBJ
D:\IVAN\UAB\CODE\VIDEOGAME\TRUNK_SVN\BIN\INTERMEDIATE\GRAPHICSDEBUG\ANIMATEDINSTANCEMODEL.OBJ
D:\IVAN\UAB\CODE\VIDEOGAME\TRUNK_SVN\BIN\INTERMEDIATE\GRAPHICSDEBUG\ANIMATEDMODELSMANAGER.OBJ
D:\IVAN\UAB\CODE\VIDEOGAME\TRUNK_SVN\BIN\INTERMEDIATE\GRAPHICSDEBUG\BEGINRENDERSCENERENDERERCOMMAND.OBJ
D:\IVAN\UAB\CODE\VIDEOGAME\TRUNK_SVN\BIN\INTERMEDIATE\GRAPHICSDEBUG\BILLBOARD.OBJ
D:\IVAN\UAB\CODE\VIDEOGAME\TRUNK_SVN\BIN\INTERMEDIATE\GRAPHICSDEBUG\BILLBOARDANIMATION.OBJ
D:\IVAN\UAB\CODE\VIDEOGAME\TRUNK_SVN\BIN\INTERMEDIATE\GRAPHICSDEBUG\BILLBOARDMANAGER.OBJ
D:\IVAN\UAB\CODE\VIDEOGAME\TRUNK_SVN\BIN\INTERMEDIATE\GRAPHICSDEBUG\BLURHSHADOWMAPSSCENERENDERERCOMMAND.OBJ
D:\IVAN\UAB\CODE\VIDEOGAME\TRUNK_SVN\BIN\INTERMEDIATE\GRAPHICSDEBUG\BLURVSHADOWMAPSSCENERENDERERCOMMAND.OBJ
D:\IVAN\UAB\CODE\VIDEOGAME\TRUNK_SVN\BIN\INTERMEDIATE\GRAPHICSDEBUG\BOXEMITTER.OBJ
D:\IVAN\UAB\CODE\VIDEOGAME\TRUNK_SVN\BIN\INTERMEDIATE\GRAPHICSDEBUG\CAMERA.OBJ
D:\IVAN\UAB\CODE\VIDEOGAME\TRUNK_SVN\BIN\INTERMEDIATE\GRAPHICSDEBUG\CAPTUREFRAMEBUFFERSCENERENDERERCOMMAND.OBJ
D:\IVAN\UAB\CODE\VIDEOGAME\TRUNK_SVN\BIN\INTERMEDIATE\GRAPHICSDEBUG\CIRCLEEMITTER.OBJ
D:\iVaN\UAB\Code\videogame\trunk_SVN\bin\Intermediate\GraphicsDebug\cl.command.1.tlog
D:\iVaN\UAB\Code\videogame\trunk_SVN\bin\Intermediate\GraphicsDebug\CL.read.1.tlog
D:\iVaN\UAB\Code\videogame\trunk_SVN\bin\Intermediate\GraphicsDebug\CL.write.1.tlog
D:\IVAN\UAB\CODE\VIDEOGAME\TRUNK_SVN\BIN\INTERMEDIATE\GRAPHICSDEBUG\CLEARSCENERENDERERCOMMAND.OBJ
D:\IVAN\UAB\CODE\VIDEOGAME\TRUNK_SVN\BIN\INTERMEDIATE\GRAPHICSDEBUG\DEFERREDSHADINGSCENERENDERERCOMMAND.OBJ
D:\IVAN\UAB\CODE\VIDEOGAME\TRUNK_SVN\BIN\INTERMEDIATE\GRAPHICSDEBUG\DIRECTIONALLIGHT.OBJ
D:\IVAN\UAB\CODE\VIDEOGAME\TRUNK_SVN\BIN\INTERMEDIATE\GRAPHICSDEBUG\DISABLEZTESTSCENERENDERERCOMMAND.OBJ
D:\IVAN\UAB\CODE\VIDEOGAME\TRUNK_SVN\BIN\INTERMEDIATE\GRAPHICSDEBUG\DISABLEZWRITESCENERENDERERCOMMAND.OBJ
D:\IVAN\UAB\CODE\VIDEOGAME\TRUNK_SVN\BIN\INTERMEDIATE\GRAPHICSDEBUG\DRAWQUADRENDERERCOMMAND.OBJ
D:\IVAN\UAB\CODE\VIDEOGAME\TRUNK_SVN\BIN\INTERMEDIATE\GRAPHICSDEBUG\EFFECT.OBJ
D:\IVAN\UAB\CODE\VIDEOGAME\TRUNK_SVN\BIN\INTERMEDIATE\GRAPHICSDEBUG\EFFECTMANAGER.OBJ
D:\IVAN\UAB\CODE\VIDEOGAME\TRUNK_SVN\BIN\INTERMEDIATE\GRAPHICSDEBUG\EFFECTTECHNIQUE.OBJ
D:\IVAN\UAB\CODE\VIDEOGAME\TRUNK_SVN\BIN\INTERMEDIATE\GRAPHICSDEBUG\ENABLEZTESTSCENERENDERERCOMMAND.OBJ
D:\IVAN\UAB\CODE\VIDEOGAME\TRUNK_SVN\BIN\INTERMEDIATE\GRAPHICSDEBUG\ENABLEZWRITESCENERENDERERCOMMAND.OBJ
D:\IVAN\UAB\CODE\VIDEOGAME\TRUNK_SVN\BIN\INTERMEDIATE\GRAPHICSDEBUG\ENDRENDERSCENERENDERERCOMMAND.OBJ
D:\IVAN\UAB\CODE\VIDEOGAME\TRUNK_SVN\BIN\INTERMEDIATE\GRAPHICSDEBUG\FONTMANAGER.OBJ
D:\IVAN\UAB\CODE\VIDEOGAME\TRUNK_SVN\BIN\INTERMEDIATE\GRAPHICSDEBUG\FPSCAMERA.OBJ
D:\IVAN\UAB\CODE\VIDEOGAME\TRUNK_SVN\BIN\INTERMEDIATE\GRAPHICSDEBUG\FREECAMERA.OBJ
D:\IVAN\UAB\CODE\VIDEOGAME\TRUNK_SVN\BIN\INTERMEDIATE\GRAPHICSDEBUG\FRUSTUM.OBJ
D:\IVAN\UAB\CODE\VIDEOGAME\TRUNK_SVN\BIN\INTERMEDIATE\GRAPHICSDEBUG\GENERATESHADOWMAPSSCENERENDERERCOMMAND.OBJ
D:\iVaN\UAB\Code\videogame\trunk_SVN\bin\Intermediate\GraphicsDebug\Graphics.write.1.tlog
D:\iVaN\UAB\Code\videogame\trunk_SVN\bin\Intermediate\GraphicsDebug\lib.command.1.tlog
D:\iVaN\UAB\Code\videogame\trunk_SVN\bin\Intermediate\GraphicsDebug\Lib-link.read.1.tlog
D:\iVaN\UAB\Code\videogame\trunk_SVN\bin\Intermediate\GraphicsDebug\Lib-link.write.1.tlog
D:\IVAN\UAB\CODE\VIDEOGAME\TRUNK_SVN\BIN\INTERMEDIATE\GRAPHICSDEBUG\LIGHT.OBJ
D:\IVAN\UAB\CODE\VIDEOGAME\TRUNK_SVN\BIN\INTERMEDIATE\GRAPHICSDEBUG\LIGHTMANAGER.OBJ
D:\IVAN\UAB\CODE\VIDEOGAME\TRUNK_SVN\BIN\INTERMEDIATE\GRAPHICSDEBUG\LINEEMITTER.OBJ
D:\IVAN\UAB\CODE\VIDEOGAME\TRUNK_SVN\BIN\INTERMEDIATE\GRAPHICSDEBUG\MESHINSTANCE.OBJ
D:\IVAN\UAB\CODE\VIDEOGAME\TRUNK_SVN\BIN\INTERMEDIATE\GRAPHICSDEBUG\OBJECT3D.OBJ
D:\IVAN\UAB\CODE\VIDEOGAME\TRUNK_SVN\BIN\INTERMEDIATE\GRAPHICSDEBUG\OMNILIGHT.OBJ
D:\IVAN\UAB\CODE\VIDEOGAME\TRUNK_SVN\BIN\INTERMEDIATE\GRAPHICSDEBUG\PARTICLE.OBJ
D:\IVAN\UAB\CODE\VIDEOGAME\TRUNK_SVN\BIN\INTERMEDIATE\GRAPHICSDEBUG\PARTICLEEMITTER.OBJ
D:\IVAN\UAB\CODE\VIDEOGAME\TRUNK_SVN\BIN\INTERMEDIATE\GRAPHICSDEBUG\PARTICLEMANAGER.OBJ
D:\IVAN\UAB\CODE\VIDEOGAME\TRUNK_SVN\BIN\INTERMEDIATE\GRAPHICSDEBUG\PLANEEMITTER.OBJ
D:\IVAN\UAB\CODE\VIDEOGAME\TRUNK_SVN\BIN\INTERMEDIATE\GRAPHICSDEBUG\POINTEMITTER.OBJ
D:\IVAN\UAB\CODE\VIDEOGAME\TRUNK_SVN\BIN\INTERMEDIATE\GRAPHICSDEBUG\POOLRENDERABLEOBJECTTECHNIQUE.OBJ
D:\IVAN\UAB\CODE\VIDEOGAME\TRUNK_SVN\BIN\INTERMEDIATE\GRAPHICSDEBUG\PRESENTSCENERENDERERCOMMAND.OBJ
D:\IVAN\UAB\CODE\VIDEOGAME\TRUNK_SVN\BIN\INTERMEDIATE\GRAPHICSDEBUG\RENDERABLEOBJECT.OBJ
D:\IVAN\UAB\CODE\VIDEOGAME\TRUNK_SVN\BIN\INTERMEDIATE\GRAPHICSDEBUG\RENDERABLEOBJECTSLAYERSMANAGER.OBJ
D:\IVAN\UAB\CODE\VIDEOGAME\TRUNK_SVN\BIN\INTERMEDIATE\GRAPHICSDEBUG\RENDERABLEOBJECTSMANAGER.OBJ
D:\IVAN\UAB\CODE\VIDEOGAME\TRUNK_SVN\BIN\INTERMEDIATE\GRAPHICSDEBUG\RENDERABLEOBJECTSTECHNIQUEMANAGER.OBJ
D:\IVAN\UAB\CODE\VIDEOGAME\TRUNK_SVN\BIN\INTERMEDIATE\GRAPHICSDEBUG\RENDERABLEOBJECTTECHNIQUE.OBJ
D:\IVAN\UAB\CODE\VIDEOGAME\TRUNK_SVN\BIN\INTERMEDIATE\GRAPHICSDEBUG\RENDERABLEOBJECTTECHNIQUESSCENERENDERERCOMMAND.OBJ
D:\IVAN\UAB\CODE\VIDEOGAME\TRUNK_SVN\BIN\INTERMEDIATE\GRAPHICSDEBUG\RENDERDEBUGCAMERASCENERENDERERCOMMAND.OBJ
D:\IVAN\UAB\CODE\VIDEOGAME\TRUNK_SVN\BIN\INTERMEDIATE\GRAPHICSDEBUG\RENDERDEBUGINFOSCENERENDERERCOMMAND.OBJ
D:\IVAN\UAB\CODE\VIDEOGAME\TRUNK_SVN\BIN\INTERMEDIATE\GRAPHICSDEBUG\RENDERDEBUGLIGHTSSCENESCENERENDERERCOMMAND.OBJ
D:\IVAN\UAB\CODE\VIDEOGAME\TRUNK_SVN\BIN\INTERMEDIATE\GRAPHICSDEBUG\RENDERDEBUGSCENESCENERENDERERCOMMAND.OBJ
D:\IVAN\UAB\CODE\VIDEOGAME\TRUNK_SVN\BIN\INTERMEDIATE\GRAPHICSDEBUG\RENDERDEBUGSHADOWMAPSSCENERENDERERCOMMAND.OBJ
D:\IVAN\UAB\CODE\VIDEOGAME\TRUNK_SVN\BIN\INTERMEDIATE\GRAPHICSDEBUG\RENDERGUISCENERENDERERCOMMAND.OBJ
D:\IVAN\UAB\CODE\VIDEOGAME\TRUNK_SVN\BIN\INTERMEDIATE\GRAPHICSDEBUG\RENDERMANAGER.OBJ
D:\IVAN\UAB\CODE\VIDEOGAME\TRUNK_SVN\BIN\INTERMEDIATE\GRAPHICSDEBUG\RENDERMIRRORSSCENERENDERERCOMMAND.OBJ
D:\IVAN\UAB\CODE\VIDEOGAME\TRUNK_SVN\BIN\INTERMEDIATE\GRAPHICSDEBUG\RENDERPARTICLESSCENERENDERERCOMMAND.OBJ
D:\IVAN\UAB\CODE\VIDEOGAME\TRUNK_SVN\BIN\INTERMEDIATE\GRAPHICSDEBUG\RENDERSCENESCENERENDERERCOMMAND.OBJ
D:\IVAN\UAB\CODE\VIDEOGAME\TRUNK_SVN\BIN\INTERMEDIATE\GRAPHICSDEBUG\SCENERENDERERCOMMAND.OBJ
D:\IVAN\UAB\CODE\VIDEOGAME\TRUNK_SVN\BIN\INTERMEDIATE\GRAPHICSDEBUG\SCENERENDERERCOMMANDMANAGER.OBJ
D:\IVAN\UAB\CODE\VIDEOGAME\TRUNK_SVN\BIN\INTERMEDIATE\GRAPHICSDEBUG\SCISSORRECTSCENERENDERERCOMMAND.OBJ
D:\IVAN\UAB\CODE\VIDEOGAME\TRUNK_SVN\BIN\INTERMEDIATE\GRAPHICSDEBUG\SETRENDERTARGETSCENERENDERERCOMMAND.OBJ
D:\IVAN\UAB\CODE\VIDEOGAME\TRUNK_SVN\BIN\INTERMEDIATE\GRAPHICSDEBUG\SETUPMATRICESSCENERENDERERCOMMAND.OBJ
D:\IVAN\UAB\CODE\VIDEOGAME\TRUNK_SVN\BIN\INTERMEDIATE\GRAPHICSDEBUG\SPHEREEMITTER.OBJ
D:\IVAN\UAB\CODE\VIDEOGAME\TRUNK_SVN\BIN\INTERMEDIATE\GRAPHICSDEBUG\SPOTLIGHT.OBJ
D:\IVAN\UAB\CODE\VIDEOGAME\TRUNK_SVN\BIN\INTERMEDIATE\GRAPHICSDEBUG\STAGEDTEXTUREDRENDERERCOMMAND.OBJ
D:\IVAN\UAB\CODE\VIDEOGAME\TRUNK_SVN\BIN\INTERMEDIATE\GRAPHICSDEBUG\STATICMESH.OBJ
D:\IVAN\UAB\CODE\VIDEOGAME\TRUNK_SVN\BIN\INTERMEDIATE\GRAPHICSDEBUG\STATICMESHMANAGER.OBJ
D:\IVAN\UAB\CODE\VIDEOGAME\TRUNK_SVN\BIN\INTERMEDIATE\GRAPHICSDEBUG\TEXTURE.OBJ
D:\IVAN\UAB\CODE\VIDEOGAME\TRUNK_SVN\BIN\INTERMEDIATE\GRAPHICSDEBUG\TEXTUREMANAGER.OBJ
D:\IVAN\UAB\CODE\VIDEOGAME\TRUNK_SVN\BIN\INTERMEDIATE\GRAPHICSDEBUG\THIRDPERSONCAMERA.OBJ
D:\IVAN\UAB\CODE\VIDEOGAME\TRUNK_SVN\BIN\INTERMEDIATE\GRAPHICSDEBUG\THPSCAMERA.OBJ
D:\IVAN\UAB\CODE\VIDEOGAME\TRUNK_SVN\BIN\INTERMEDIATE\GRAPHICSDEBUG\TORUSEMITTER.OBJ
D:\IVAN\UAB\CODE\VIDEOGAME\TRUNK_SVN\BIN\INTERMEDIATE\GRAPHICSDEBUG\UNSETRENDERTARGETSCENERENDERERCOMMAND.OBJ
D:\IVAN\UAB\CODE\VIDEOGAME\TRUNK_SVN\BIN\INTERMEDIATE\GRAPHICSDEBUG\UNSETSCISSORRECTSCENERENDERERCOMMAND.OBJ
D:\iVaN\UAB\Code\videogame\trunk_SVN\bin\Intermediate\GraphicsDebug\vc100.idb
D:\IVAN\UAB\CODE\VIDEOGAME\TRUNK_SVN\BIN\INTERMEDIATE\GRAPHICSDEBUG\VC100.PDB
D:\IVAN\UAB\CODE\VIDEOGAME\TRUNK_SVN\BIN\INTERMEDIATE\GRAPHICSDEBUG\VERTEXTYPE.OBJ
D:\IVAN\UAB\CODE\VIDEOGAME\TRUNK_SVN\BIN\LIB\GRAPHICS_D.LIB
