D:\iVaN\UAB\Code\videogame\trunk_SVN\bin\Intermediate\PhysXRelease\cl.command.1.tlog
D:\iVaN\UAB\Code\videogame\trunk_SVN\bin\Intermediate\PhysXRelease\CL.read.1.tlog
D:\iVaN\UAB\Code\videogame\trunk_SVN\bin\Intermediate\PhysXRelease\CL.write.1.tlog
D:\IVAN\UAB\CODE\VIDEOGAME\TRUNK_SVN\BIN\INTERMEDIATE\PHYSXRELEASE\JUMP.OBJ
D:\iVaN\UAB\Code\videogame\trunk_SVN\bin\Intermediate\PhysXRelease\lib.command.1.tlog
D:\iVaN\UAB\Code\videogame\trunk_SVN\bin\Intermediate\PhysXRelease\Lib-link.read.1.tlog
D:\iVaN\UAB\Code\videogame\trunk_SVN\bin\Intermediate\PhysXRelease\Lib-link.write.1.tlog
D:\IVAN\UAB\CODE\VIDEOGAME\TRUNK_SVN\BIN\INTERMEDIATE\PHYSXRELEASE\PHYSICACTOR.OBJ
D:\IVAN\UAB\CODE\VIDEOGAME\TRUNK_SVN\BIN\INTERMEDIATE\PHYSXRELEASE\PHYSICASELOADER.OBJ
D:\IVAN\UAB\CODE\VIDEOGAME\TRUNK_SVN\BIN\INTERMEDIATE\PHYSXRELEASE\PHYSICCONTROLLER.OBJ
D:\IVAN\UAB\CODE\VIDEOGAME\TRUNK_SVN\BIN\INTERMEDIATE\PHYSXRELEASE\PHYSICCOOKINGMESH.OBJ
D:\IVAN\UAB\CODE\VIDEOGAME\TRUNK_SVN\BIN\INTERMEDIATE\PHYSXRELEASE\PHYSICFIXEDJOINT.OBJ
D:\IVAN\UAB\CODE\VIDEOGAME\TRUNK_SVN\BIN\INTERMEDIATE\PHYSXRELEASE\PHYSICREVOLUTEJOINT.OBJ
D:\IVAN\UAB\CODE\VIDEOGAME\TRUNK_SVN\BIN\INTERMEDIATE\PHYSXRELEASE\PHYSICSMANAGER.OBJ
D:\IVAN\UAB\CODE\VIDEOGAME\TRUNK_SVN\BIN\INTERMEDIATE\PHYSXRELEASE\PHYSICSPHERICALJOINT.OBJ
D:\IVAN\UAB\CODE\VIDEOGAME\TRUNK_SVN\BIN\INTERMEDIATE\PHYSXRELEASE\PHYSICSTREAM.OBJ
D:\IVAN\UAB\CODE\VIDEOGAME\TRUNK_SVN\BIN\INTERMEDIATE\PHYSXRELEASE\PHYSICTRIGGERREPORT.OBJ
D:\IVAN\UAB\CODE\VIDEOGAME\TRUNK_SVN\BIN\INTERMEDIATE\PHYSXRELEASE\PHYSICUSERALLOCATOR.OBJ
D:\iVaN\UAB\Code\videogame\trunk_SVN\bin\Intermediate\PhysXRelease\PhysX.write.1.tlog
D:\IVAN\UAB\CODE\VIDEOGAME\TRUNK_SVN\BIN\INTERMEDIATE\PHYSXRELEASE\VC100.PDB
D:\IVAN\UAB\CODE\VIDEOGAME\TRUNK_SVN\BIN\LIB\PHYSX.LIB
