D:\UAB\Projects\videogame\trunk\\run\Viewer\Viewer_d.exe
D:\UAB\Projects\videogame\trunk\\run\Viewer\Viewer_d.ilk
D:\UAB\Projects\videogame\trunk\\run\Viewer\Viewer_d.pdb
D:\UAB\Projects\videogame\trunk\bin\Intermediate\ViewerDebug\cl.command.1.tlog
D:\UAB\Projects\videogame\trunk\bin\Intermediate\ViewerDebug\CL.read.1.tlog
D:\UAB\Projects\videogame\trunk\bin\Intermediate\ViewerDebug\CL.write.1.tlog
D:\UAB\Projects\videogame\trunk\bin\Intermediate\ViewerDebug\link.1032.read.1.tlog
D:\UAB\Projects\videogame\trunk\bin\Intermediate\ViewerDebug\link.1032.write.1.tlog
D:\UAB\Projects\videogame\trunk\bin\Intermediate\ViewerDebug\link.1032-cvtres.read.1.tlog
D:\UAB\Projects\videogame\trunk\bin\Intermediate\ViewerDebug\link.1032-cvtres.write.1.tlog
D:\UAB\Projects\videogame\trunk\bin\Intermediate\ViewerDebug\link.1120.read.1.tlog
D:\UAB\Projects\videogame\trunk\bin\Intermediate\ViewerDebug\link.1120.write.1.tlog
D:\UAB\Projects\videogame\trunk\bin\Intermediate\ViewerDebug\link.1120-cvtres.read.1.tlog
D:\UAB\Projects\videogame\trunk\bin\Intermediate\ViewerDebug\link.1120-cvtres.write.1.tlog
D:\UAB\Projects\videogame\trunk\bin\Intermediate\ViewerDebug\link.1376.read.1.tlog
D:\UAB\Projects\videogame\trunk\bin\Intermediate\ViewerDebug\link.1376.write.1.tlog
D:\UAB\Projects\videogame\trunk\bin\Intermediate\ViewerDebug\link.1376-cvtres.read.1.tlog
D:\UAB\Projects\videogame\trunk\bin\Intermediate\ViewerDebug\link.1376-cvtres.write.1.tlog
D:\UAB\Projects\videogame\trunk\bin\Intermediate\ViewerDebug\link.1472.read.1.tlog
D:\UAB\Projects\videogame\trunk\bin\Intermediate\ViewerDebug\link.1472.write.1.tlog
D:\UAB\Projects\videogame\trunk\bin\Intermediate\ViewerDebug\link.1472-cvtres.read.1.tlog
D:\UAB\Projects\videogame\trunk\bin\Intermediate\ViewerDebug\link.1472-cvtres.write.1.tlog
D:\UAB\Projects\videogame\trunk\bin\Intermediate\ViewerDebug\link.1560.read.1.tlog
D:\UAB\Projects\videogame\trunk\bin\Intermediate\ViewerDebug\link.1560.write.1.tlog
D:\UAB\Projects\videogame\trunk\bin\Intermediate\ViewerDebug\link.1560-cvtres.read.1.tlog
D:\UAB\Projects\videogame\trunk\bin\Intermediate\ViewerDebug\link.1560-cvtres.write.1.tlog
D:\UAB\Projects\videogame\trunk\bin\Intermediate\ViewerDebug\link.1620.read.1.tlog
D:\UAB\Projects\videogame\trunk\bin\Intermediate\ViewerDebug\link.1620.write.1.tlog
D:\UAB\Projects\videogame\trunk\bin\Intermediate\ViewerDebug\link.1620-cvtres.read.1.tlog
D:\UAB\Projects\videogame\trunk\bin\Intermediate\ViewerDebug\link.1620-cvtres.write.1.tlog
D:\UAB\Projects\videogame\trunk\bin\Intermediate\ViewerDebug\link.1688.read.1.tlog
D:\UAB\Projects\videogame\trunk\bin\Intermediate\ViewerDebug\link.1688.write.1.tlog
D:\UAB\Projects\videogame\trunk\bin\Intermediate\ViewerDebug\link.1688-cvtres.read.1.tlog
D:\UAB\Projects\videogame\trunk\bin\Intermediate\ViewerDebug\link.1688-cvtres.write.1.tlog
D:\UAB\Projects\videogame\trunk\bin\Intermediate\ViewerDebug\link.2004.read.1.tlog
D:\UAB\Projects\videogame\trunk\bin\Intermediate\ViewerDebug\link.2004.write.1.tlog
D:\UAB\Projects\videogame\trunk\bin\Intermediate\ViewerDebug\link.2004-cvtres.read.1.tlog
D:\UAB\Projects\videogame\trunk\bin\Intermediate\ViewerDebug\link.2004-cvtres.write.1.tlog
D:\UAB\Projects\videogame\trunk\bin\Intermediate\ViewerDebug\link.2032.read.1.tlog
D:\UAB\Projects\videogame\trunk\bin\Intermediate\ViewerDebug\link.2032.write.1.tlog
D:\UAB\Projects\videogame\trunk\bin\Intermediate\ViewerDebug\link.2032-cvtres.read.1.tlog
D:\UAB\Projects\videogame\trunk\bin\Intermediate\ViewerDebug\link.2032-cvtres.write.1.tlog
D:\UAB\Projects\videogame\trunk\bin\Intermediate\ViewerDebug\link.2076.read.1.tlog
D:\UAB\Projects\videogame\trunk\bin\Intermediate\ViewerDebug\link.2076.write.1.tlog
D:\UAB\Projects\videogame\trunk\bin\Intermediate\ViewerDebug\link.2076-cvtres.read.1.tlog
D:\UAB\Projects\videogame\trunk\bin\Intermediate\ViewerDebug\link.2076-cvtres.write.1.tlog
D:\UAB\Projects\videogame\trunk\bin\Intermediate\ViewerDebug\link.2204.read.1.tlog
D:\UAB\Projects\videogame\trunk\bin\Intermediate\ViewerDebug\link.2204.write.1.tlog
D:\UAB\Projects\videogame\trunk\bin\Intermediate\ViewerDebug\link.2204-cvtres.read.1.tlog
D:\UAB\Projects\videogame\trunk\bin\Intermediate\ViewerDebug\link.2204-cvtres.write.1.tlog
D:\UAB\Projects\videogame\trunk\bin\Intermediate\ViewerDebug\link.2480.read.1.tlog
D:\UAB\Projects\videogame\trunk\bin\Intermediate\ViewerDebug\link.2480.write.1.tlog
D:\UAB\Projects\videogame\trunk\bin\Intermediate\ViewerDebug\link.2480-cvtres.read.1.tlog
D:\UAB\Projects\videogame\trunk\bin\Intermediate\ViewerDebug\link.2480-cvtres.write.1.tlog
D:\UAB\Projects\videogame\trunk\bin\Intermediate\ViewerDebug\link.2564.read.1.tlog
D:\UAB\Projects\videogame\trunk\bin\Intermediate\ViewerDebug\link.2564.write.1.tlog
D:\UAB\Projects\videogame\trunk\bin\Intermediate\ViewerDebug\link.2564-cvtres.read.1.tlog
D:\UAB\Projects\videogame\trunk\bin\Intermediate\ViewerDebug\link.2564-cvtres.write.1.tlog
D:\UAB\Projects\videogame\trunk\bin\Intermediate\ViewerDebug\link.2628.read.1.tlog
D:\UAB\Projects\videogame\trunk\bin\Intermediate\ViewerDebug\link.2628.write.1.tlog
D:\UAB\Projects\videogame\trunk\bin\Intermediate\ViewerDebug\link.2628-cvtres.read.1.tlog
D:\UAB\Projects\videogame\trunk\bin\Intermediate\ViewerDebug\link.2628-cvtres.write.1.tlog
D:\UAB\Projects\videogame\trunk\bin\Intermediate\ViewerDebug\link.2640.read.1.tlog
D:\UAB\Projects\videogame\trunk\bin\Intermediate\ViewerDebug\link.2640.write.1.tlog
D:\UAB\Projects\videogame\trunk\bin\Intermediate\ViewerDebug\link.2640-cvtres.read.1.tlog
D:\UAB\Projects\videogame\trunk\bin\Intermediate\ViewerDebug\link.2640-cvtres.write.1.tlog
D:\UAB\Projects\videogame\trunk\bin\Intermediate\ViewerDebug\link.2652.read.1.tlog
D:\UAB\Projects\videogame\trunk\bin\Intermediate\ViewerDebug\link.2652.write.1.tlog
D:\UAB\Projects\videogame\trunk\bin\Intermediate\ViewerDebug\link.2652-cvtres.read.1.tlog
D:\UAB\Projects\videogame\trunk\bin\Intermediate\ViewerDebug\link.2652-cvtres.write.1.tlog
D:\UAB\Projects\videogame\trunk\bin\Intermediate\ViewerDebug\link.2708.read.1.tlog
D:\UAB\Projects\videogame\trunk\bin\Intermediate\ViewerDebug\link.2708.write.1.tlog
D:\UAB\Projects\videogame\trunk\bin\Intermediate\ViewerDebug\link.2708-cvtres.read.1.tlog
D:\UAB\Projects\videogame\trunk\bin\Intermediate\ViewerDebug\link.2708-cvtres.write.1.tlog
D:\UAB\Projects\videogame\trunk\bin\Intermediate\ViewerDebug\link.2716.read.1.tlog
D:\UAB\Projects\videogame\trunk\bin\Intermediate\ViewerDebug\link.2716.write.1.tlog
D:\UAB\Projects\videogame\trunk\bin\Intermediate\ViewerDebug\link.2764.read.1.tlog
D:\UAB\Projects\videogame\trunk\bin\Intermediate\ViewerDebug\link.2764.write.1.tlog
D:\UAB\Projects\videogame\trunk\bin\Intermediate\ViewerDebug\link.2764-cvtres.read.1.tlog
D:\UAB\Projects\videogame\trunk\bin\Intermediate\ViewerDebug\link.2764-cvtres.write.1.tlog
D:\UAB\Projects\videogame\trunk\bin\Intermediate\ViewerDebug\link.2936.read.1.tlog
D:\UAB\Projects\videogame\trunk\bin\Intermediate\ViewerDebug\link.2936.write.1.tlog
D:\UAB\Projects\videogame\trunk\bin\Intermediate\ViewerDebug\link.2936-cvtres.read.1.tlog
D:\UAB\Projects\videogame\trunk\bin\Intermediate\ViewerDebug\link.2936-cvtres.write.1.tlog
D:\UAB\Projects\videogame\trunk\bin\Intermediate\ViewerDebug\link.3164.read.1.tlog
D:\UAB\Projects\videogame\trunk\bin\Intermediate\ViewerDebug\link.3164.write.1.tlog
D:\UAB\Projects\videogame\trunk\bin\Intermediate\ViewerDebug\link.3164-cvtres.read.1.tlog
D:\UAB\Projects\videogame\trunk\bin\Intermediate\ViewerDebug\link.3164-cvtres.write.1.tlog
D:\UAB\Projects\videogame\trunk\bin\Intermediate\ViewerDebug\link.3232.read.1.tlog
D:\UAB\Projects\videogame\trunk\bin\Intermediate\ViewerDebug\link.3232.write.1.tlog
D:\UAB\Projects\videogame\trunk\bin\Intermediate\ViewerDebug\link.3232-cvtres.read.1.tlog
D:\UAB\Projects\videogame\trunk\bin\Intermediate\ViewerDebug\link.3232-cvtres.write.1.tlog
D:\UAB\Projects\videogame\trunk\bin\Intermediate\ViewerDebug\link.3236.read.1.tlog
D:\UAB\Projects\videogame\trunk\bin\Intermediate\ViewerDebug\link.3236.write.1.tlog
D:\UAB\Projects\videogame\trunk\bin\Intermediate\ViewerDebug\link.3236-cvtres.read.1.tlog
D:\UAB\Projects\videogame\trunk\bin\Intermediate\ViewerDebug\link.3236-cvtres.write.1.tlog
D:\UAB\Projects\videogame\trunk\bin\Intermediate\ViewerDebug\link.3352.read.1.tlog
D:\UAB\Projects\videogame\trunk\bin\Intermediate\ViewerDebug\link.3352.write.1.tlog
D:\UAB\Projects\videogame\trunk\bin\Intermediate\ViewerDebug\link.3352-cvtres.read.1.tlog
D:\UAB\Projects\videogame\trunk\bin\Intermediate\ViewerDebug\link.3352-cvtres.write.1.tlog
D:\UAB\Projects\videogame\trunk\bin\Intermediate\ViewerDebug\link.3380.read.1.tlog
D:\UAB\Projects\videogame\trunk\bin\Intermediate\ViewerDebug\link.3380.write.1.tlog
D:\UAB\Projects\videogame\trunk\bin\Intermediate\ViewerDebug\link.3380-cvtres.read.1.tlog
D:\UAB\Projects\videogame\trunk\bin\Intermediate\ViewerDebug\link.3380-cvtres.write.1.tlog
D:\UAB\Projects\videogame\trunk\bin\Intermediate\ViewerDebug\link.344.read.1.tlog
D:\UAB\Projects\videogame\trunk\bin\Intermediate\ViewerDebug\link.344.write.1.tlog
D:\UAB\Projects\videogame\trunk\bin\Intermediate\ViewerDebug\link.344-cvtres.read.1.tlog
D:\UAB\Projects\videogame\trunk\bin\Intermediate\ViewerDebug\link.344-cvtres.write.1.tlog
D:\UAB\Projects\videogame\trunk\bin\Intermediate\ViewerDebug\link.3544.read.1.tlog
D:\UAB\Projects\videogame\trunk\bin\Intermediate\ViewerDebug\link.3544.write.1.tlog
D:\UAB\Projects\videogame\trunk\bin\Intermediate\ViewerDebug\link.3544-cvtres.read.1.tlog
D:\UAB\Projects\videogame\trunk\bin\Intermediate\ViewerDebug\link.3544-cvtres.write.1.tlog
D:\UAB\Projects\videogame\trunk\bin\Intermediate\ViewerDebug\link.3548.read.1.tlog
D:\UAB\Projects\videogame\trunk\bin\Intermediate\ViewerDebug\link.3548.write.1.tlog
D:\UAB\Projects\videogame\trunk\bin\Intermediate\ViewerDebug\link.3548-cvtres.read.1.tlog
D:\UAB\Projects\videogame\trunk\bin\Intermediate\ViewerDebug\link.3548-cvtres.write.1.tlog
D:\UAB\Projects\videogame\trunk\bin\Intermediate\ViewerDebug\link.3584.read.1.tlog
D:\UAB\Projects\videogame\trunk\bin\Intermediate\ViewerDebug\link.3584.write.1.tlog
D:\UAB\Projects\videogame\trunk\bin\Intermediate\ViewerDebug\link.3584-cvtres.read.1.tlog
D:\UAB\Projects\videogame\trunk\bin\Intermediate\ViewerDebug\link.3584-cvtres.write.1.tlog
D:\UAB\Projects\videogame\trunk\bin\Intermediate\ViewerDebug\link.3604.read.1.tlog
D:\UAB\Projects\videogame\trunk\bin\Intermediate\ViewerDebug\link.3604.write.1.tlog
D:\UAB\Projects\videogame\trunk\bin\Intermediate\ViewerDebug\link.3604-cvtres.read.1.tlog
D:\UAB\Projects\videogame\trunk\bin\Intermediate\ViewerDebug\link.3604-cvtres.write.1.tlog
D:\UAB\Projects\videogame\trunk\bin\Intermediate\ViewerDebug\link.3636.read.1.tlog
D:\UAB\Projects\videogame\trunk\bin\Intermediate\ViewerDebug\link.3636.write.1.tlog
D:\UAB\Projects\videogame\trunk\bin\Intermediate\ViewerDebug\link.3636-cvtres.read.1.tlog
D:\UAB\Projects\videogame\trunk\bin\Intermediate\ViewerDebug\link.3636-cvtres.write.1.tlog
D:\UAB\Projects\videogame\trunk\bin\Intermediate\ViewerDebug\link.3680.read.1.tlog
D:\UAB\Projects\videogame\trunk\bin\Intermediate\ViewerDebug\link.3680.write.1.tlog
D:\UAB\Projects\videogame\trunk\bin\Intermediate\ViewerDebug\link.3680-cvtres.read.1.tlog
D:\UAB\Projects\videogame\trunk\bin\Intermediate\ViewerDebug\link.3680-cvtres.write.1.tlog
D:\UAB\Projects\videogame\trunk\bin\Intermediate\ViewerDebug\link.3684.read.1.tlog
D:\UAB\Projects\videogame\trunk\bin\Intermediate\ViewerDebug\link.3684.write.1.tlog
D:\UAB\Projects\videogame\trunk\bin\Intermediate\ViewerDebug\link.3684-cvtres.read.1.tlog
D:\UAB\Projects\videogame\trunk\bin\Intermediate\ViewerDebug\link.3684-cvtres.write.1.tlog
D:\UAB\Projects\videogame\trunk\bin\Intermediate\ViewerDebug\link.3708.read.1.tlog
D:\UAB\Projects\videogame\trunk\bin\Intermediate\ViewerDebug\link.3708.write.1.tlog
D:\UAB\Projects\videogame\trunk\bin\Intermediate\ViewerDebug\link.3708-cvtres.read.1.tlog
D:\UAB\Projects\videogame\trunk\bin\Intermediate\ViewerDebug\link.3708-cvtres.write.1.tlog
D:\UAB\Projects\videogame\trunk\bin\Intermediate\ViewerDebug\link.3728.read.1.tlog
D:\UAB\Projects\videogame\trunk\bin\Intermediate\ViewerDebug\link.3728.write.1.tlog
D:\UAB\Projects\videogame\trunk\bin\Intermediate\ViewerDebug\link.3728-cvtres.read.1.tlog
D:\UAB\Projects\videogame\trunk\bin\Intermediate\ViewerDebug\link.3728-cvtres.write.1.tlog
D:\UAB\Projects\videogame\trunk\bin\Intermediate\ViewerDebug\link.3828.read.1.tlog
D:\UAB\Projects\videogame\trunk\bin\Intermediate\ViewerDebug\link.3828.write.1.tlog
D:\UAB\Projects\videogame\trunk\bin\Intermediate\ViewerDebug\link.3828-cvtres.read.1.tlog
D:\UAB\Projects\videogame\trunk\bin\Intermediate\ViewerDebug\link.3828-cvtres.write.1.tlog
D:\UAB\Projects\videogame\trunk\bin\Intermediate\ViewerDebug\link.3844.read.1.tlog
D:\UAB\Projects\videogame\trunk\bin\Intermediate\ViewerDebug\link.3844.write.1.tlog
D:\UAB\Projects\videogame\trunk\bin\Intermediate\ViewerDebug\link.3844-cvtres.read.1.tlog
D:\UAB\Projects\videogame\trunk\bin\Intermediate\ViewerDebug\link.3844-cvtres.write.1.tlog
D:\UAB\Projects\videogame\trunk\bin\Intermediate\ViewerDebug\link.3880.read.1.tlog
D:\UAB\Projects\videogame\trunk\bin\Intermediate\ViewerDebug\link.3880.write.1.tlog
D:\UAB\Projects\videogame\trunk\bin\Intermediate\ViewerDebug\link.3880-cvtres.read.1.tlog
D:\UAB\Projects\videogame\trunk\bin\Intermediate\ViewerDebug\link.3880-cvtres.write.1.tlog
D:\UAB\Projects\videogame\trunk\bin\Intermediate\ViewerDebug\link.3904.read.1.tlog
D:\UAB\Projects\videogame\trunk\bin\Intermediate\ViewerDebug\link.3904.write.1.tlog
D:\UAB\Projects\videogame\trunk\bin\Intermediate\ViewerDebug\link.3904-cvtres.read.1.tlog
D:\UAB\Projects\videogame\trunk\bin\Intermediate\ViewerDebug\link.3904-cvtres.write.1.tlog
D:\UAB\Projects\videogame\trunk\bin\Intermediate\ViewerDebug\link.3912.read.1.tlog
D:\UAB\Projects\videogame\trunk\bin\Intermediate\ViewerDebug\link.3912.write.1.tlog
D:\UAB\Projects\videogame\trunk\bin\Intermediate\ViewerDebug\link.3912-cvtres.read.1.tlog
D:\UAB\Projects\videogame\trunk\bin\Intermediate\ViewerDebug\link.3912-cvtres.write.1.tlog
D:\UAB\Projects\videogame\trunk\bin\Intermediate\ViewerDebug\link.3960.read.1.tlog
D:\UAB\Projects\videogame\trunk\bin\Intermediate\ViewerDebug\link.3960.write.1.tlog
D:\UAB\Projects\videogame\trunk\bin\Intermediate\ViewerDebug\link.3960-cvtres.read.1.tlog
D:\UAB\Projects\videogame\trunk\bin\Intermediate\ViewerDebug\link.3960-cvtres.write.1.tlog
D:\UAB\Projects\videogame\trunk\bin\Intermediate\ViewerDebug\link.3992.read.1.tlog
D:\UAB\Projects\videogame\trunk\bin\Intermediate\ViewerDebug\link.3992.write.1.tlog
D:\UAB\Projects\videogame\trunk\bin\Intermediate\ViewerDebug\link.3992-cvtres.read.1.tlog
D:\UAB\Projects\videogame\trunk\bin\Intermediate\ViewerDebug\link.3992-cvtres.write.1.tlog
D:\UAB\Projects\videogame\trunk\bin\Intermediate\ViewerDebug\link.4040.read.1.tlog
D:\UAB\Projects\videogame\trunk\bin\Intermediate\ViewerDebug\link.4040.write.1.tlog
D:\UAB\Projects\videogame\trunk\bin\Intermediate\ViewerDebug\link.4040-cvtres.read.1.tlog
D:\UAB\Projects\videogame\trunk\bin\Intermediate\ViewerDebug\link.4040-cvtres.write.1.tlog
D:\UAB\Projects\videogame\trunk\bin\Intermediate\ViewerDebug\link.4048.read.1.tlog
D:\UAB\Projects\videogame\trunk\bin\Intermediate\ViewerDebug\link.4048.write.1.tlog
D:\UAB\Projects\videogame\trunk\bin\Intermediate\ViewerDebug\link.4048-cvtres.read.1.tlog
D:\UAB\Projects\videogame\trunk\bin\Intermediate\ViewerDebug\link.4048-cvtres.write.1.tlog
D:\UAB\Projects\videogame\trunk\bin\Intermediate\ViewerDebug\link.4084.read.1.tlog
D:\UAB\Projects\videogame\trunk\bin\Intermediate\ViewerDebug\link.4084.write.1.tlog
D:\UAB\Projects\videogame\trunk\bin\Intermediate\ViewerDebug\link.4084-cvtres.read.1.tlog
D:\UAB\Projects\videogame\trunk\bin\Intermediate\ViewerDebug\link.4084-cvtres.write.1.tlog
D:\UAB\Projects\videogame\trunk\bin\Intermediate\ViewerDebug\link.4164.read.1.tlog
D:\UAB\Projects\videogame\trunk\bin\Intermediate\ViewerDebug\link.4164.write.1.tlog
D:\UAB\Projects\videogame\trunk\bin\Intermediate\ViewerDebug\link.4164-cvtres.read.1.tlog
D:\UAB\Projects\videogame\trunk\bin\Intermediate\ViewerDebug\link.4164-cvtres.write.1.tlog
D:\UAB\Projects\videogame\trunk\bin\Intermediate\ViewerDebug\link.4204.read.1.tlog
D:\UAB\Projects\videogame\trunk\bin\Intermediate\ViewerDebug\link.4204.write.1.tlog
D:\UAB\Projects\videogame\trunk\bin\Intermediate\ViewerDebug\link.4204-cvtres.read.1.tlog
D:\UAB\Projects\videogame\trunk\bin\Intermediate\ViewerDebug\link.4204-cvtres.write.1.tlog
D:\UAB\Projects\videogame\trunk\bin\Intermediate\ViewerDebug\link.4240.read.1.tlog
D:\UAB\Projects\videogame\trunk\bin\Intermediate\ViewerDebug\link.4240.write.1.tlog
D:\UAB\Projects\videogame\trunk\bin\Intermediate\ViewerDebug\link.4240-cvtres.read.1.tlog
D:\UAB\Projects\videogame\trunk\bin\Intermediate\ViewerDebug\link.4240-cvtres.write.1.tlog
D:\UAB\Projects\videogame\trunk\bin\Intermediate\ViewerDebug\link.4264.read.1.tlog
D:\UAB\Projects\videogame\trunk\bin\Intermediate\ViewerDebug\link.4264.write.1.tlog
D:\UAB\Projects\videogame\trunk\bin\Intermediate\ViewerDebug\link.4264-cvtres.read.1.tlog
D:\UAB\Projects\videogame\trunk\bin\Intermediate\ViewerDebug\link.4264-cvtres.write.1.tlog
D:\UAB\Projects\videogame\trunk\bin\Intermediate\ViewerDebug\link.4352.read.1.tlog
D:\UAB\Projects\videogame\trunk\bin\Intermediate\ViewerDebug\link.4352.write.1.tlog
D:\UAB\Projects\videogame\trunk\bin\Intermediate\ViewerDebug\link.4352-cvtres.read.1.tlog
D:\UAB\Projects\videogame\trunk\bin\Intermediate\ViewerDebug\link.4352-cvtres.write.1.tlog
D:\UAB\Projects\videogame\trunk\bin\Intermediate\ViewerDebug\link.4356.read.1.tlog
D:\UAB\Projects\videogame\trunk\bin\Intermediate\ViewerDebug\link.4356.write.1.tlog
D:\UAB\Projects\videogame\trunk\bin\Intermediate\ViewerDebug\link.4356-cvtres.read.1.tlog
D:\UAB\Projects\videogame\trunk\bin\Intermediate\ViewerDebug\link.4356-cvtres.write.1.tlog
D:\UAB\Projects\videogame\trunk\bin\Intermediate\ViewerDebug\link.4380.read.1.tlog
D:\UAB\Projects\videogame\trunk\bin\Intermediate\ViewerDebug\link.4380.write.1.tlog
D:\UAB\Projects\videogame\trunk\bin\Intermediate\ViewerDebug\link.4380-cvtres.read.1.tlog
D:\UAB\Projects\videogame\trunk\bin\Intermediate\ViewerDebug\link.4380-cvtres.write.1.tlog
D:\UAB\Projects\videogame\trunk\bin\Intermediate\ViewerDebug\link.4412.read.1.tlog
D:\UAB\Projects\videogame\trunk\bin\Intermediate\ViewerDebug\link.4412.write.1.tlog
D:\UAB\Projects\videogame\trunk\bin\Intermediate\ViewerDebug\link.4412-cvtres.read.1.tlog
D:\UAB\Projects\videogame\trunk\bin\Intermediate\ViewerDebug\link.4412-cvtres.write.1.tlog
D:\UAB\Projects\videogame\trunk\bin\Intermediate\ViewerDebug\link.4424.read.1.tlog
D:\UAB\Projects\videogame\trunk\bin\Intermediate\ViewerDebug\link.4424.write.1.tlog
D:\UAB\Projects\videogame\trunk\bin\Intermediate\ViewerDebug\link.4424-cvtres.read.1.tlog
D:\UAB\Projects\videogame\trunk\bin\Intermediate\ViewerDebug\link.4424-cvtres.write.1.tlog
D:\UAB\Projects\videogame\trunk\bin\Intermediate\ViewerDebug\link.4508.read.1.tlog
D:\UAB\Projects\videogame\trunk\bin\Intermediate\ViewerDebug\link.4508.write.1.tlog
D:\UAB\Projects\videogame\trunk\bin\Intermediate\ViewerDebug\link.4508-cvtres.read.1.tlog
D:\UAB\Projects\videogame\trunk\bin\Intermediate\ViewerDebug\link.4508-cvtres.write.1.tlog
D:\UAB\Projects\videogame\trunk\bin\Intermediate\ViewerDebug\link.4580.read.1.tlog
D:\UAB\Projects\videogame\trunk\bin\Intermediate\ViewerDebug\link.4580.write.1.tlog
D:\UAB\Projects\videogame\trunk\bin\Intermediate\ViewerDebug\link.4580-cvtres.read.1.tlog
D:\UAB\Projects\videogame\trunk\bin\Intermediate\ViewerDebug\link.4580-cvtres.write.1.tlog
D:\UAB\Projects\videogame\trunk\bin\Intermediate\ViewerDebug\link.4584.read.1.tlog
D:\UAB\Projects\videogame\trunk\bin\Intermediate\ViewerDebug\link.4584.write.1.tlog
D:\UAB\Projects\videogame\trunk\bin\Intermediate\ViewerDebug\link.4584-cvtres.read.1.tlog
D:\UAB\Projects\videogame\trunk\bin\Intermediate\ViewerDebug\link.4584-cvtres.write.1.tlog
D:\UAB\Projects\videogame\trunk\bin\Intermediate\ViewerDebug\link.4596.read.1.tlog
D:\UAB\Projects\videogame\trunk\bin\Intermediate\ViewerDebug\link.4596.write.1.tlog
D:\UAB\Projects\videogame\trunk\bin\Intermediate\ViewerDebug\link.4596-cvtres.read.1.tlog
D:\UAB\Projects\videogame\trunk\bin\Intermediate\ViewerDebug\link.4596-cvtres.write.1.tlog
D:\UAB\Projects\videogame\trunk\bin\Intermediate\ViewerDebug\link.4772.read.1.tlog
D:\UAB\Projects\videogame\trunk\bin\Intermediate\ViewerDebug\link.4772.write.1.tlog
D:\UAB\Projects\videogame\trunk\bin\Intermediate\ViewerDebug\link.4772-cvtres.read.1.tlog
D:\UAB\Projects\videogame\trunk\bin\Intermediate\ViewerDebug\link.4772-cvtres.write.1.tlog
D:\UAB\Projects\videogame\trunk\bin\Intermediate\ViewerDebug\link.4780.read.1.tlog
D:\UAB\Projects\videogame\trunk\bin\Intermediate\ViewerDebug\link.4780.write.1.tlog
D:\UAB\Projects\videogame\trunk\bin\Intermediate\ViewerDebug\link.4780-cvtres.read.1.tlog
D:\UAB\Projects\videogame\trunk\bin\Intermediate\ViewerDebug\link.4780-cvtres.write.1.tlog
D:\UAB\Projects\videogame\trunk\bin\Intermediate\ViewerDebug\link.4800.read.1.tlog
D:\UAB\Projects\videogame\trunk\bin\Intermediate\ViewerDebug\link.4800.write.1.tlog
D:\UAB\Projects\videogame\trunk\bin\Intermediate\ViewerDebug\link.4800-cvtres.read.1.tlog
D:\UAB\Projects\videogame\trunk\bin\Intermediate\ViewerDebug\link.4800-cvtres.write.1.tlog
D:\UAB\Projects\videogame\trunk\bin\Intermediate\ViewerDebug\link.4840.read.1.tlog
D:\UAB\Projects\videogame\trunk\bin\Intermediate\ViewerDebug\link.4840.write.1.tlog
D:\UAB\Projects\videogame\trunk\bin\Intermediate\ViewerDebug\link.4840-cvtres.read.1.tlog
D:\UAB\Projects\videogame\trunk\bin\Intermediate\ViewerDebug\link.4840-cvtres.write.1.tlog
D:\UAB\Projects\videogame\trunk\bin\Intermediate\ViewerDebug\link.4860.read.1.tlog
D:\UAB\Projects\videogame\trunk\bin\Intermediate\ViewerDebug\link.4860.write.1.tlog
D:\UAB\Projects\videogame\trunk\bin\Intermediate\ViewerDebug\link.4860-cvtres.read.1.tlog
D:\UAB\Projects\videogame\trunk\bin\Intermediate\ViewerDebug\link.4860-cvtres.write.1.tlog
D:\UAB\Projects\videogame\trunk\bin\Intermediate\ViewerDebug\link.4872.read.1.tlog
D:\UAB\Projects\videogame\trunk\bin\Intermediate\ViewerDebug\link.4872.write.1.tlog
D:\UAB\Projects\videogame\trunk\bin\Intermediate\ViewerDebug\link.4872-cvtres.read.1.tlog
D:\UAB\Projects\videogame\trunk\bin\Intermediate\ViewerDebug\link.4872-cvtres.write.1.tlog
D:\UAB\Projects\videogame\trunk\bin\Intermediate\ViewerDebug\link.4988.read.1.tlog
D:\UAB\Projects\videogame\trunk\bin\Intermediate\ViewerDebug\link.4988.write.1.tlog
D:\UAB\Projects\videogame\trunk\bin\Intermediate\ViewerDebug\link.4988-cvtres.read.1.tlog
D:\UAB\Projects\videogame\trunk\bin\Intermediate\ViewerDebug\link.4988-cvtres.write.1.tlog
D:\UAB\Projects\videogame\trunk\bin\Intermediate\ViewerDebug\link.4992.read.1.tlog
D:\UAB\Projects\videogame\trunk\bin\Intermediate\ViewerDebug\link.4992.write.1.tlog
D:\UAB\Projects\videogame\trunk\bin\Intermediate\ViewerDebug\link.4992-cvtres.read.1.tlog
D:\UAB\Projects\videogame\trunk\bin\Intermediate\ViewerDebug\link.4992-cvtres.write.1.tlog
D:\UAB\Projects\videogame\trunk\bin\Intermediate\ViewerDebug\link.504.read.1.tlog
D:\UAB\Projects\videogame\trunk\bin\Intermediate\ViewerDebug\link.504.write.1.tlog
D:\UAB\Projects\videogame\trunk\bin\Intermediate\ViewerDebug\link.504-cvtres.read.1.tlog
D:\UAB\Projects\videogame\trunk\bin\Intermediate\ViewerDebug\link.504-cvtres.write.1.tlog
D:\UAB\Projects\videogame\trunk\bin\Intermediate\ViewerDebug\link.5068.read.1.tlog
D:\UAB\Projects\videogame\trunk\bin\Intermediate\ViewerDebug\link.5068.write.1.tlog
D:\UAB\Projects\videogame\trunk\bin\Intermediate\ViewerDebug\link.5068-cvtres.read.1.tlog
D:\UAB\Projects\videogame\trunk\bin\Intermediate\ViewerDebug\link.5068-cvtres.write.1.tlog
D:\UAB\Projects\videogame\trunk\bin\Intermediate\ViewerDebug\link.5116.read.1.tlog
D:\UAB\Projects\videogame\trunk\bin\Intermediate\ViewerDebug\link.5116.write.1.tlog
D:\UAB\Projects\videogame\trunk\bin\Intermediate\ViewerDebug\link.5116-cvtres.read.1.tlog
D:\UAB\Projects\videogame\trunk\bin\Intermediate\ViewerDebug\link.5116-cvtres.write.1.tlog
D:\UAB\Projects\videogame\trunk\bin\Intermediate\ViewerDebug\link.5144.read.1.tlog
D:\UAB\Projects\videogame\trunk\bin\Intermediate\ViewerDebug\link.5144.write.1.tlog
D:\UAB\Projects\videogame\trunk\bin\Intermediate\ViewerDebug\link.5144-cvtres.read.1.tlog
D:\UAB\Projects\videogame\trunk\bin\Intermediate\ViewerDebug\link.5144-cvtres.write.1.tlog
D:\UAB\Projects\videogame\trunk\bin\Intermediate\ViewerDebug\link.5164.read.1.tlog
D:\UAB\Projects\videogame\trunk\bin\Intermediate\ViewerDebug\link.5164.write.1.tlog
D:\UAB\Projects\videogame\trunk\bin\Intermediate\ViewerDebug\link.5164-cvtres.read.1.tlog
D:\UAB\Projects\videogame\trunk\bin\Intermediate\ViewerDebug\link.5164-cvtres.write.1.tlog
D:\UAB\Projects\videogame\trunk\bin\Intermediate\ViewerDebug\link.5220.read.1.tlog
D:\UAB\Projects\videogame\trunk\bin\Intermediate\ViewerDebug\link.5220.write.1.tlog
D:\UAB\Projects\videogame\trunk\bin\Intermediate\ViewerDebug\link.5220-cvtres.read.1.tlog
D:\UAB\Projects\videogame\trunk\bin\Intermediate\ViewerDebug\link.5220-cvtres.write.1.tlog
D:\UAB\Projects\videogame\trunk\bin\Intermediate\ViewerDebug\link.5304.read.1.tlog
D:\UAB\Projects\videogame\trunk\bin\Intermediate\ViewerDebug\link.5304.write.1.tlog
D:\UAB\Projects\videogame\trunk\bin\Intermediate\ViewerDebug\link.5304-cvtres.read.1.tlog
D:\UAB\Projects\videogame\trunk\bin\Intermediate\ViewerDebug\link.5304-cvtres.write.1.tlog
D:\UAB\Projects\videogame\trunk\bin\Intermediate\ViewerDebug\link.5308.read.1.tlog
D:\UAB\Projects\videogame\trunk\bin\Intermediate\ViewerDebug\link.5308.write.1.tlog
D:\UAB\Projects\videogame\trunk\bin\Intermediate\ViewerDebug\link.5308-cvtres.read.1.tlog
D:\UAB\Projects\videogame\trunk\bin\Intermediate\ViewerDebug\link.5308-cvtres.write.1.tlog
D:\UAB\Projects\videogame\trunk\bin\Intermediate\ViewerDebug\link.5336.read.1.tlog
D:\UAB\Projects\videogame\trunk\bin\Intermediate\ViewerDebug\link.5336.write.1.tlog
D:\UAB\Projects\videogame\trunk\bin\Intermediate\ViewerDebug\link.5336-cvtres.read.1.tlog
D:\UAB\Projects\videogame\trunk\bin\Intermediate\ViewerDebug\link.5336-cvtres.write.1.tlog
D:\UAB\Projects\videogame\trunk\bin\Intermediate\ViewerDebug\link.5412.read.1.tlog
D:\UAB\Projects\videogame\trunk\bin\Intermediate\ViewerDebug\link.5412.write.1.tlog
D:\UAB\Projects\videogame\trunk\bin\Intermediate\ViewerDebug\link.5412-cvtres.read.1.tlog
D:\UAB\Projects\videogame\trunk\bin\Intermediate\ViewerDebug\link.5412-cvtres.write.1.tlog
D:\UAB\Projects\videogame\trunk\bin\Intermediate\ViewerDebug\link.5472.read.1.tlog
D:\UAB\Projects\videogame\trunk\bin\Intermediate\ViewerDebug\link.5472.write.1.tlog
D:\UAB\Projects\videogame\trunk\bin\Intermediate\ViewerDebug\link.5472-cvtres.read.1.tlog
D:\UAB\Projects\videogame\trunk\bin\Intermediate\ViewerDebug\link.5472-cvtres.write.1.tlog
D:\UAB\Projects\videogame\trunk\bin\Intermediate\ViewerDebug\link.5576.read.1.tlog
D:\UAB\Projects\videogame\trunk\bin\Intermediate\ViewerDebug\link.5576.write.1.tlog
D:\UAB\Projects\videogame\trunk\bin\Intermediate\ViewerDebug\link.5576-cvtres.read.1.tlog
D:\UAB\Projects\videogame\trunk\bin\Intermediate\ViewerDebug\link.5576-cvtres.write.1.tlog
D:\UAB\Projects\videogame\trunk\bin\Intermediate\ViewerDebug\link.5616.read.1.tlog
D:\UAB\Projects\videogame\trunk\bin\Intermediate\ViewerDebug\link.5616.write.1.tlog
D:\UAB\Projects\videogame\trunk\bin\Intermediate\ViewerDebug\link.5616-cvtres.read.1.tlog
D:\UAB\Projects\videogame\trunk\bin\Intermediate\ViewerDebug\link.5616-cvtres.write.1.tlog
D:\UAB\Projects\videogame\trunk\bin\Intermediate\ViewerDebug\link.5628.read.1.tlog
D:\UAB\Projects\videogame\trunk\bin\Intermediate\ViewerDebug\link.5628.write.1.tlog
D:\UAB\Projects\videogame\trunk\bin\Intermediate\ViewerDebug\link.5628-cvtres.read.1.tlog
D:\UAB\Projects\videogame\trunk\bin\Intermediate\ViewerDebug\link.5628-cvtres.write.1.tlog
D:\UAB\Projects\videogame\trunk\bin\Intermediate\ViewerDebug\link.5668.read.1.tlog
D:\UAB\Projects\videogame\trunk\bin\Intermediate\ViewerDebug\link.5668.write.1.tlog
D:\UAB\Projects\videogame\trunk\bin\Intermediate\ViewerDebug\link.5668-cvtres.read.1.tlog
D:\UAB\Projects\videogame\trunk\bin\Intermediate\ViewerDebug\link.5668-cvtres.write.1.tlog
D:\UAB\Projects\videogame\trunk\bin\Intermediate\ViewerDebug\link.5672.read.1.tlog
D:\UAB\Projects\videogame\trunk\bin\Intermediate\ViewerDebug\link.5672.write.1.tlog
D:\UAB\Projects\videogame\trunk\bin\Intermediate\ViewerDebug\link.5672-cvtres.read.1.tlog
D:\UAB\Projects\videogame\trunk\bin\Intermediate\ViewerDebug\link.5672-cvtres.write.1.tlog
D:\UAB\Projects\videogame\trunk\bin\Intermediate\ViewerDebug\link.5704.read.1.tlog
D:\UAB\Projects\videogame\trunk\bin\Intermediate\ViewerDebug\link.5704.write.1.tlog
D:\UAB\Projects\videogame\trunk\bin\Intermediate\ViewerDebug\link.5704-cvtres.read.1.tlog
D:\UAB\Projects\videogame\trunk\bin\Intermediate\ViewerDebug\link.5704-cvtres.write.1.tlog
D:\UAB\Projects\videogame\trunk\bin\Intermediate\ViewerDebug\link.5776.read.1.tlog
D:\UAB\Projects\videogame\trunk\bin\Intermediate\ViewerDebug\link.5776.write.1.tlog
D:\UAB\Projects\videogame\trunk\bin\Intermediate\ViewerDebug\link.5776-cvtres.read.1.tlog
D:\UAB\Projects\videogame\trunk\bin\Intermediate\ViewerDebug\link.5776-cvtres.write.1.tlog
D:\UAB\Projects\videogame\trunk\bin\Intermediate\ViewerDebug\link.5836.read.1.tlog
D:\UAB\Projects\videogame\trunk\bin\Intermediate\ViewerDebug\link.5836.write.1.tlog
D:\UAB\Projects\videogame\trunk\bin\Intermediate\ViewerDebug\link.5836-cvtres.read.1.tlog
D:\UAB\Projects\videogame\trunk\bin\Intermediate\ViewerDebug\link.5836-cvtres.write.1.tlog
D:\UAB\Projects\videogame\trunk\bin\Intermediate\ViewerDebug\link.5896.read.1.tlog
D:\UAB\Projects\videogame\trunk\bin\Intermediate\ViewerDebug\link.5896.write.1.tlog
D:\UAB\Projects\videogame\trunk\bin\Intermediate\ViewerDebug\link.5896-cvtres.read.1.tlog
D:\UAB\Projects\videogame\trunk\bin\Intermediate\ViewerDebug\link.5896-cvtres.write.1.tlog
D:\UAB\Projects\videogame\trunk\bin\Intermediate\ViewerDebug\link.5956.read.1.tlog
D:\UAB\Projects\videogame\trunk\bin\Intermediate\ViewerDebug\link.5956.write.1.tlog
D:\UAB\Projects\videogame\trunk\bin\Intermediate\ViewerDebug\link.5956-cvtres.read.1.tlog
D:\UAB\Projects\videogame\trunk\bin\Intermediate\ViewerDebug\link.5956-cvtres.write.1.tlog
D:\UAB\Projects\videogame\trunk\bin\Intermediate\ViewerDebug\link.5960.read.1.tlog
D:\UAB\Projects\videogame\trunk\bin\Intermediate\ViewerDebug\link.5960.write.1.tlog
D:\UAB\Projects\videogame\trunk\bin\Intermediate\ViewerDebug\link.5960-cvtres.read.1.tlog
D:\UAB\Projects\videogame\trunk\bin\Intermediate\ViewerDebug\link.5960-cvtres.write.1.tlog
D:\UAB\Projects\videogame\trunk\bin\Intermediate\ViewerDebug\link.5976.read.1.tlog
D:\UAB\Projects\videogame\trunk\bin\Intermediate\ViewerDebug\link.5976.write.1.tlog
D:\UAB\Projects\videogame\trunk\bin\Intermediate\ViewerDebug\link.5976-cvtres.read.1.tlog
D:\UAB\Projects\videogame\trunk\bin\Intermediate\ViewerDebug\link.5976-cvtres.write.1.tlog
D:\UAB\Projects\videogame\trunk\bin\Intermediate\ViewerDebug\link.6060.read.1.tlog
D:\UAB\Projects\videogame\trunk\bin\Intermediate\ViewerDebug\link.6060.write.1.tlog
D:\UAB\Projects\videogame\trunk\bin\Intermediate\ViewerDebug\link.6060-cvtres.read.1.tlog
D:\UAB\Projects\videogame\trunk\bin\Intermediate\ViewerDebug\link.6060-cvtres.write.1.tlog
D:\UAB\Projects\videogame\trunk\bin\Intermediate\ViewerDebug\link.6092.read.1.tlog
D:\UAB\Projects\videogame\trunk\bin\Intermediate\ViewerDebug\link.6092.write.1.tlog
D:\UAB\Projects\videogame\trunk\bin\Intermediate\ViewerDebug\link.6092-cvtres.read.1.tlog
D:\UAB\Projects\videogame\trunk\bin\Intermediate\ViewerDebug\link.6092-cvtres.write.1.tlog
D:\UAB\Projects\videogame\trunk\bin\Intermediate\ViewerDebug\link.6140.read.1.tlog
D:\UAB\Projects\videogame\trunk\bin\Intermediate\ViewerDebug\link.6140.write.1.tlog
D:\UAB\Projects\videogame\trunk\bin\Intermediate\ViewerDebug\link.6140-cvtres.read.1.tlog
D:\UAB\Projects\videogame\trunk\bin\Intermediate\ViewerDebug\link.6140-cvtres.write.1.tlog
D:\UAB\Projects\videogame\trunk\bin\Intermediate\ViewerDebug\link.6236.read.1.tlog
D:\UAB\Projects\videogame\trunk\bin\Intermediate\ViewerDebug\link.6236.write.1.tlog
D:\UAB\Projects\videogame\trunk\bin\Intermediate\ViewerDebug\link.6236-cvtres.read.1.tlog
D:\UAB\Projects\videogame\trunk\bin\Intermediate\ViewerDebug\link.6236-cvtres.write.1.tlog
D:\UAB\Projects\videogame\trunk\bin\Intermediate\ViewerDebug\link.6332.read.1.tlog
D:\UAB\Projects\videogame\trunk\bin\Intermediate\ViewerDebug\link.6332.write.1.tlog
D:\UAB\Projects\videogame\trunk\bin\Intermediate\ViewerDebug\link.6332-cvtres.read.1.tlog
D:\UAB\Projects\videogame\trunk\bin\Intermediate\ViewerDebug\link.6332-cvtres.write.1.tlog
D:\UAB\Projects\videogame\trunk\bin\Intermediate\ViewerDebug\link.6352.read.1.tlog
D:\UAB\Projects\videogame\trunk\bin\Intermediate\ViewerDebug\link.6352.write.1.tlog
D:\UAB\Projects\videogame\trunk\bin\Intermediate\ViewerDebug\link.6352-cvtres.read.1.tlog
D:\UAB\Projects\videogame\trunk\bin\Intermediate\ViewerDebug\link.6352-cvtres.write.1.tlog
D:\UAB\Projects\videogame\trunk\bin\Intermediate\ViewerDebug\link.6368.read.1.tlog
D:\UAB\Projects\videogame\trunk\bin\Intermediate\ViewerDebug\link.6368.write.1.tlog
D:\UAB\Projects\videogame\trunk\bin\Intermediate\ViewerDebug\link.6368-cvtres.read.1.tlog
D:\UAB\Projects\videogame\trunk\bin\Intermediate\ViewerDebug\link.6368-cvtres.write.1.tlog
D:\UAB\Projects\videogame\trunk\bin\Intermediate\ViewerDebug\link.6492.read.1.tlog
D:\UAB\Projects\videogame\trunk\bin\Intermediate\ViewerDebug\link.6492.write.1.tlog
D:\UAB\Projects\videogame\trunk\bin\Intermediate\ViewerDebug\link.6492-cvtres.read.1.tlog
D:\UAB\Projects\videogame\trunk\bin\Intermediate\ViewerDebug\link.6492-cvtres.write.1.tlog
D:\UAB\Projects\videogame\trunk\bin\Intermediate\ViewerDebug\link.6532.read.1.tlog
D:\UAB\Projects\videogame\trunk\bin\Intermediate\ViewerDebug\link.6532.write.1.tlog
D:\UAB\Projects\videogame\trunk\bin\Intermediate\ViewerDebug\link.6532-cvtres.read.1.tlog
D:\UAB\Projects\videogame\trunk\bin\Intermediate\ViewerDebug\link.6532-cvtres.write.1.tlog
D:\UAB\Projects\videogame\trunk\bin\Intermediate\ViewerDebug\link.6620.read.1.tlog
D:\UAB\Projects\videogame\trunk\bin\Intermediate\ViewerDebug\link.6620.write.1.tlog
D:\UAB\Projects\videogame\trunk\bin\Intermediate\ViewerDebug\link.6620-cvtres.read.1.tlog
D:\UAB\Projects\videogame\trunk\bin\Intermediate\ViewerDebug\link.6620-cvtres.write.1.tlog
D:\UAB\Projects\videogame\trunk\bin\Intermediate\ViewerDebug\link.6672.read.1.tlog
D:\UAB\Projects\videogame\trunk\bin\Intermediate\ViewerDebug\link.6672.write.1.tlog
D:\UAB\Projects\videogame\trunk\bin\Intermediate\ViewerDebug\link.6672-cvtres.read.1.tlog
D:\UAB\Projects\videogame\trunk\bin\Intermediate\ViewerDebug\link.6672-cvtres.write.1.tlog
D:\UAB\Projects\videogame\trunk\bin\Intermediate\ViewerDebug\link.6856.read.1.tlog
D:\UAB\Projects\videogame\trunk\bin\Intermediate\ViewerDebug\link.6856.write.1.tlog
D:\UAB\Projects\videogame\trunk\bin\Intermediate\ViewerDebug\link.6856-cvtres.read.1.tlog
D:\UAB\Projects\videogame\trunk\bin\Intermediate\ViewerDebug\link.6856-cvtres.write.1.tlog
D:\UAB\Projects\videogame\trunk\bin\Intermediate\ViewerDebug\link.6912.read.1.tlog
D:\UAB\Projects\videogame\trunk\bin\Intermediate\ViewerDebug\link.6912.write.1.tlog
D:\UAB\Projects\videogame\trunk\bin\Intermediate\ViewerDebug\link.6912-cvtres.read.1.tlog
D:\UAB\Projects\videogame\trunk\bin\Intermediate\ViewerDebug\link.6912-cvtres.write.1.tlog
D:\UAB\Projects\videogame\trunk\bin\Intermediate\ViewerDebug\link.6952.read.1.tlog
D:\UAB\Projects\videogame\trunk\bin\Intermediate\ViewerDebug\link.6952.write.1.tlog
D:\UAB\Projects\videogame\trunk\bin\Intermediate\ViewerDebug\link.6952-cvtres.read.1.tlog
D:\UAB\Projects\videogame\trunk\bin\Intermediate\ViewerDebug\link.6952-cvtres.write.1.tlog
D:\UAB\Projects\videogame\trunk\bin\Intermediate\ViewerDebug\link.7056.read.1.tlog
D:\UAB\Projects\videogame\trunk\bin\Intermediate\ViewerDebug\link.7056.write.1.tlog
D:\UAB\Projects\videogame\trunk\bin\Intermediate\ViewerDebug\link.7056-cvtres.read.1.tlog
D:\UAB\Projects\videogame\trunk\bin\Intermediate\ViewerDebug\link.7056-cvtres.write.1.tlog
D:\UAB\Projects\videogame\trunk\bin\Intermediate\ViewerDebug\link.7088.read.1.tlog
D:\UAB\Projects\videogame\trunk\bin\Intermediate\ViewerDebug\link.7088.write.1.tlog
D:\UAB\Projects\videogame\trunk\bin\Intermediate\ViewerDebug\link.7088-cvtres.read.1.tlog
D:\UAB\Projects\videogame\trunk\bin\Intermediate\ViewerDebug\link.7088-cvtres.write.1.tlog
D:\UAB\Projects\videogame\trunk\bin\Intermediate\ViewerDebug\link.7100.read.1.tlog
D:\UAB\Projects\videogame\trunk\bin\Intermediate\ViewerDebug\link.7100.write.1.tlog
D:\UAB\Projects\videogame\trunk\bin\Intermediate\ViewerDebug\link.7100-cvtres.read.1.tlog
D:\UAB\Projects\videogame\trunk\bin\Intermediate\ViewerDebug\link.7100-cvtres.write.1.tlog
D:\UAB\Projects\videogame\trunk\bin\Intermediate\ViewerDebug\link.856.read.1.tlog
D:\UAB\Projects\videogame\trunk\bin\Intermediate\ViewerDebug\link.856.write.1.tlog
D:\UAB\Projects\videogame\trunk\bin\Intermediate\ViewerDebug\link.856-cvtres.read.1.tlog
D:\UAB\Projects\videogame\trunk\bin\Intermediate\ViewerDebug\link.856-cvtres.write.1.tlog
D:\UAB\Projects\videogame\trunk\bin\Intermediate\ViewerDebug\link.command.1.tlog
D:\UAB\Projects\videogame\trunk\bin\Intermediate\ViewerDebug\link.read.1.tlog
D:\UAB\Projects\videogame\trunk\bin\Intermediate\ViewerDebug\link.write.1.tlog
D:\UAB\Projects\videogame\trunk\bin\Intermediate\ViewerDebug\link-cvtres.read.1.tlog
D:\UAB\Projects\videogame\trunk\bin\Intermediate\ViewerDebug\link-cvtres.write.1.tlog
D:\UAB\Projects\videogame\trunk\bin\Intermediate\ViewerDebug\mt.command.1.tlog
D:\UAB\Projects\videogame\trunk\bin\Intermediate\ViewerDebug\mt.read.1.tlog
D:\UAB\Projects\videogame\trunk\bin\Intermediate\ViewerDebug\mt.write.1.tlog
D:\UAB\Projects\videogame\trunk\bin\Intermediate\ViewerDebug\rc.command.1.tlog
D:\UAB\Projects\videogame\trunk\bin\Intermediate\ViewerDebug\rc.read.1.tlog
D:\UAB\Projects\videogame\trunk\bin\Intermediate\ViewerDebug\rc.write.1.tlog
D:\UAB\Projects\videogame\trunk\bin\Intermediate\ViewerDebug\vc100.idb
D:\UAB\PROJECTS\VIDEOGAME\TRUNK\BIN\INTERMEDIATE\VIEWERDEBUG\VC100.PDB
D:\UAB\PROJECTS\VIDEOGAME\TRUNK\BIN\INTERMEDIATE\VIEWERDEBUG\VIEWER.OBJ
D:\UAB\PROJECTS\VIDEOGAME\TRUNK\BIN\INTERMEDIATE\VIEWERDEBUG\VIEWER_D.EXE.EMBED.MANIFEST
D:\UAB\PROJECTS\VIDEOGAME\TRUNK\BIN\INTERMEDIATE\VIEWERDEBUG\VIEWER_D.EXE.EMBED.MANIFEST.RES
D:\UAB\PROJECTS\VIDEOGAME\TRUNK\BIN\INTERMEDIATE\VIEWERDEBUG\VIEWER_D.EXE.INTERMEDIATE.MANIFEST
D:\UAB\Projects\videogame\trunk\bin\Intermediate\ViewerDebug\Viewer_d_manifest.rc
D:\UAB\PROJECTS\VIDEOGAME\TRUNK\BIN\INTERMEDIATE\VIEWERDEBUG\VIEWERPROCESS.OBJ
D:\UAB\PROJECTS\VIDEOGAME\TRUNK\RUN\VIEWER\VIEWER_D.EXE
D:\UAB\PROJECTS\VIDEOGAME\TRUNK\RUN\VIEWER\VIEWER_D.ILK
D:\UAB\PROJECTS\VIDEOGAME\TRUNK\RUN\VIEWER\VIEWER_D.PDB
