C:\iVaN\UAB\Master\Projects\videogame\trunk\\run\Viewer\Viewer.pdb
C:\iVaN\UAB\Master\Projects\videogame\trunk\bin\Intermediate\ViewerDebug\cl.command.1.tlog
C:\iVaN\UAB\Master\Projects\videogame\trunk\bin\Intermediate\ViewerDebug\CL.read.1.tlog
C:\iVaN\UAB\Master\Projects\videogame\trunk\bin\Intermediate\ViewerDebug\CL.write.1.tlog
C:\iVaN\UAB\Master\Projects\videogame\trunk\bin\Intermediate\ViewerDebug\link.2224.read.1.tlog
C:\iVaN\UAB\Master\Projects\videogame\trunk\bin\Intermediate\ViewerDebug\link.2224.write.1.tlog
C:\iVaN\UAB\Master\Projects\videogame\trunk\bin\Intermediate\ViewerDebug\link.2224-cvtres.read.1.tlog
C:\iVaN\UAB\Master\Projects\videogame\trunk\bin\Intermediate\ViewerDebug\link.2224-cvtres.write.1.tlog
C:\iVaN\UAB\Master\Projects\videogame\trunk\bin\Intermediate\ViewerDebug\link.3536.read.1.tlog
C:\iVaN\UAB\Master\Projects\videogame\trunk\bin\Intermediate\ViewerDebug\link.3536.write.1.tlog
C:\iVaN\UAB\Master\Projects\videogame\trunk\bin\Intermediate\ViewerDebug\link.3536-cvtres.read.1.tlog
C:\iVaN\UAB\Master\Projects\videogame\trunk\bin\Intermediate\ViewerDebug\link.3536-cvtres.write.1.tlog
C:\iVaN\UAB\Master\Projects\videogame\trunk\bin\Intermediate\ViewerDebug\link.5628.read.1.tlog
C:\iVaN\UAB\Master\Projects\videogame\trunk\bin\Intermediate\ViewerDebug\link.5628.write.1.tlog
C:\iVaN\UAB\Master\Projects\videogame\trunk\bin\Intermediate\ViewerDebug\link.5628-cvtres.read.1.tlog
C:\iVaN\UAB\Master\Projects\videogame\trunk\bin\Intermediate\ViewerDebug\link.5628-cvtres.write.1.tlog
C:\iVaN\UAB\Master\Projects\videogame\trunk\bin\Intermediate\ViewerDebug\link.7408.read.1.tlog
C:\iVaN\UAB\Master\Projects\videogame\trunk\bin\Intermediate\ViewerDebug\link.7408.write.1.tlog
C:\iVaN\UAB\Master\Projects\videogame\trunk\bin\Intermediate\ViewerDebug\link.7408-cvtres.read.1.tlog
C:\iVaN\UAB\Master\Projects\videogame\trunk\bin\Intermediate\ViewerDebug\link.7408-cvtres.write.1.tlog
C:\iVaN\UAB\Master\Projects\videogame\trunk\bin\Intermediate\ViewerDebug\link.command.1.tlog
C:\iVaN\UAB\Master\Projects\videogame\trunk\bin\Intermediate\ViewerDebug\link.read.1.tlog
C:\iVaN\UAB\Master\Projects\videogame\trunk\bin\Intermediate\ViewerDebug\link.write.1.tlog
C:\iVaN\UAB\Master\Projects\videogame\trunk\bin\Intermediate\ViewerDebug\link-cvtres.read.1.tlog
C:\iVaN\UAB\Master\Projects\videogame\trunk\bin\Intermediate\ViewerDebug\link-cvtres.write.1.tlog
C:\iVaN\UAB\Master\Projects\videogame\trunk\bin\Intermediate\ViewerDebug\mt.command.1.tlog
C:\iVaN\UAB\Master\Projects\videogame\trunk\bin\Intermediate\ViewerDebug\mt.read.1.tlog
C:\iVaN\UAB\Master\Projects\videogame\trunk\bin\Intermediate\ViewerDebug\mt.write.1.tlog
C:\IVAN\UAB\MASTER\PROJECTS\VIDEOGAME\TRUNK\BIN\INTERMEDIATE\VIEWERDEBUG\PLAYER.OBJ
C:\IVAN\UAB\MASTER\PROJECTS\VIDEOGAME\TRUNK\BIN\INTERMEDIATE\VIEWERDEBUG\PLAYER2.OBJ
C:\iVaN\UAB\Master\Projects\videogame\trunk\bin\Intermediate\ViewerDebug\rc.command.1.tlog
C:\iVaN\UAB\Master\Projects\videogame\trunk\bin\Intermediate\ViewerDebug\rc.read.1.tlog
C:\iVaN\UAB\Master\Projects\videogame\trunk\bin\Intermediate\ViewerDebug\rc.write.1.tlog
C:\iVaN\UAB\Master\Projects\videogame\trunk\bin\Intermediate\ViewerDebug\vc100.idb
C:\IVAN\UAB\MASTER\PROJECTS\VIDEOGAME\TRUNK\BIN\INTERMEDIATE\VIEWERDEBUG\VC100.PDB
C:\IVAN\UAB\MASTER\PROJECTS\VIDEOGAME\TRUNK\BIN\INTERMEDIATE\VIEWERDEBUG\VIEWER.EXE.EMBED.MANIFEST
C:\IVAN\UAB\MASTER\PROJECTS\VIDEOGAME\TRUNK\BIN\INTERMEDIATE\VIEWERDEBUG\VIEWER.EXE.EMBED.MANIFEST.RES
C:\IVAN\UAB\MASTER\PROJECTS\VIDEOGAME\TRUNK\BIN\INTERMEDIATE\VIEWERDEBUG\VIEWER.EXE.INTERMEDIATE.MANIFEST
C:\IVAN\UAB\MASTER\PROJECTS\VIDEOGAME\TRUNK\BIN\INTERMEDIATE\VIEWERDEBUG\VIEWER.OBJ
C:\iVaN\UAB\Master\Projects\videogame\trunk\bin\Intermediate\ViewerDebug\Viewer_manifest.rc
C:\IVAN\UAB\MASTER\PROJECTS\VIDEOGAME\TRUNK\BIN\INTERMEDIATE\VIEWERDEBUG\VIEWERPROCESS.OBJ
C:\IVAN\UAB\MASTER\PROJECTS\VIDEOGAME\TRUNK\RUN\VIEWER\VIEWER.PDB
C:\IVAN\UAB\MASTER\PROJECTS\VIDEOGAME\TRUNK\RUN\VIEWER\VIEWER_D.EXE
C:\IVAN\UAB\MASTER\PROJECTS\VIDEOGAME\TRUNK\RUN\VIEWER\VIEWER_D.ILK
