D:\IVAN\UAB\CODE\VIDEOGAME\TRUNK_SVN\BIN\INTERMEDIATE\CAL3DDEBUG\CAL3D.DLL.EMBED.MANIFEST
D:\IVAN\UAB\CODE\VIDEOGAME\TRUNK_SVN\BIN\INTERMEDIATE\CAL3DDEBUG\CAL3D.DLL.EMBED.MANIFEST.RES
D:\IVAN\UAB\CODE\VIDEOGAME\TRUNK_SVN\BIN\INTERMEDIATE\CAL3DDEBUG\CAL3D.DLL.INTERMEDIATE.MANIFEST
D:\IVAN\UAB\CODE\VIDEOGAME\TRUNK_SVN\BIN\INTERMEDIATE\CAL3DDEBUG\CAL3D.RES
D:\iVaN\UAB\Code\videogame\trunk_SVN\bin\Intermediate\cal3dDebug\cal3d.write.1.tlog
D:\IVAN\UAB\CODE\VIDEOGAME\TRUNK_SVN\BIN\INTERMEDIATE\CAL3DDEBUG\CAL3D_D.PDB
D:\iVaN\UAB\Code\videogame\trunk_SVN\bin\Intermediate\cal3dDebug\cal3d_manifest.rc
D:\iVaN\UAB\Code\videogame\trunk_SVN\bin\Intermediate\cal3dDebug\cl.command.1.tlog
D:\iVaN\UAB\Code\videogame\trunk_SVN\bin\Intermediate\cal3dDebug\CL.read.1.tlog
D:\iVaN\UAB\Code\videogame\trunk_SVN\bin\Intermediate\cal3dDebug\CL.write.1.tlog
D:\iVaN\UAB\Code\videogame\trunk_SVN\bin\Intermediate\cal3dDebug\link.command.1.tlog
D:\iVaN\UAB\Code\videogame\trunk_SVN\bin\Intermediate\cal3dDebug\link.read.1.tlog
D:\iVaN\UAB\Code\videogame\trunk_SVN\bin\Intermediate\cal3dDebug\link.write.1.tlog
D:\iVaN\UAB\Code\videogame\trunk_SVN\bin\Intermediate\cal3dDebug\link-cvtres.read.1.tlog
D:\iVaN\UAB\Code\videogame\trunk_SVN\bin\Intermediate\cal3dDebug\link-cvtres.write.1.tlog
D:\iVaN\UAB\Code\videogame\trunk_SVN\bin\Intermediate\cal3dDebug\mt.command.1.tlog
D:\iVaN\UAB\Code\videogame\trunk_SVN\bin\Intermediate\cal3dDebug\mt.read.1.tlog
D:\iVaN\UAB\Code\videogame\trunk_SVN\bin\Intermediate\cal3dDebug\mt.write.1.tlog
D:\iVaN\UAB\Code\videogame\trunk_SVN\bin\Intermediate\cal3dDebug\rc.command.1.tlog
D:\iVaN\UAB\Code\videogame\trunk_SVN\bin\Intermediate\cal3dDebug\rc.read.1.tlog
D:\iVaN\UAB\Code\videogame\trunk_SVN\bin\Intermediate\cal3dDebug\rc.write.1.tlog
D:\IVAN\UAB\CODE\VIDEOGAME\TRUNK_SVN\BIN\LIB\CAL3D_D.DLL
D:\iVaN\UAB\Code\videogame\trunk_SVN\bin\lib\cal3d_d.exp
D:\IVAN\UAB\CODE\VIDEOGAME\TRUNK_SVN\BIN\LIB\CAL3D_D.ILK
D:\iVaN\UAB\Code\videogame\trunk_SVN\bin\lib\cal3d_d.lib
D:\IVAN\UAB\CODE\VIDEOGAME\TRUNK_SVN\CODE\ENGINE\3DPARTY\CAL3D-0.11RC2\SRC\CAL3D\DEBUG\ANIMATION.OBJ
D:\IVAN\UAB\CODE\VIDEOGAME\TRUNK_SVN\CODE\ENGINE\3DPARTY\CAL3D-0.11RC2\SRC\CAL3D\DEBUG\ANIMATION_ACTION.OBJ
D:\IVAN\UAB\CODE\VIDEOGAME\TRUNK_SVN\CODE\ENGINE\3DPARTY\CAL3D-0.11RC2\SRC\CAL3D\DEBUG\ANIMATION_CYCLE.OBJ
D:\IVAN\UAB\CODE\VIDEOGAME\TRUNK_SVN\CODE\ENGINE\3DPARTY\CAL3D-0.11RC2\SRC\CAL3D\DEBUG\BONE.OBJ
D:\IVAN\UAB\CODE\VIDEOGAME\TRUNK_SVN\CODE\ENGINE\3DPARTY\CAL3D-0.11RC2\SRC\CAL3D\DEBUG\BUFFERSOURCE.OBJ
D:\IVAN\UAB\CODE\VIDEOGAME\TRUNK_SVN\CODE\ENGINE\3DPARTY\CAL3D-0.11RC2\SRC\CAL3D\DEBUG\CAL3D_WRAPPER.OBJ
D:\IVAN\UAB\CODE\VIDEOGAME\TRUNK_SVN\CODE\ENGINE\3DPARTY\CAL3D-0.11RC2\SRC\CAL3D\DEBUG\COREANIMATION.OBJ
D:\IVAN\UAB\CODE\VIDEOGAME\TRUNK_SVN\CODE\ENGINE\3DPARTY\CAL3D-0.11RC2\SRC\CAL3D\DEBUG\COREBONE.OBJ
D:\IVAN\UAB\CODE\VIDEOGAME\TRUNK_SVN\CODE\ENGINE\3DPARTY\CAL3D-0.11RC2\SRC\CAL3D\DEBUG\COREKEYFRAME.OBJ
D:\IVAN\UAB\CODE\VIDEOGAME\TRUNK_SVN\CODE\ENGINE\3DPARTY\CAL3D-0.11RC2\SRC\CAL3D\DEBUG\COREMATERIAL.OBJ
D:\IVAN\UAB\CODE\VIDEOGAME\TRUNK_SVN\CODE\ENGINE\3DPARTY\CAL3D-0.11RC2\SRC\CAL3D\DEBUG\COREMESH.OBJ
D:\IVAN\UAB\CODE\VIDEOGAME\TRUNK_SVN\CODE\ENGINE\3DPARTY\CAL3D-0.11RC2\SRC\CAL3D\DEBUG\COREMODEL.OBJ
D:\IVAN\UAB\CODE\VIDEOGAME\TRUNK_SVN\CODE\ENGINE\3DPARTY\CAL3D-0.11RC2\SRC\CAL3D\DEBUG\COREMORPHANIMATION.OBJ
D:\IVAN\UAB\CODE\VIDEOGAME\TRUNK_SVN\CODE\ENGINE\3DPARTY\CAL3D-0.11RC2\SRC\CAL3D\DEBUG\CORESKELETON.OBJ
D:\IVAN\UAB\CODE\VIDEOGAME\TRUNK_SVN\CODE\ENGINE\3DPARTY\CAL3D-0.11RC2\SRC\CAL3D\DEBUG\CORESUBMESH.OBJ
D:\IVAN\UAB\CODE\VIDEOGAME\TRUNK_SVN\CODE\ENGINE\3DPARTY\CAL3D-0.11RC2\SRC\CAL3D\DEBUG\CORESUBMORPHTARGET.OBJ
D:\IVAN\UAB\CODE\VIDEOGAME\TRUNK_SVN\CODE\ENGINE\3DPARTY\CAL3D-0.11RC2\SRC\CAL3D\DEBUG\CORETRACK.OBJ
D:\IVAN\UAB\CODE\VIDEOGAME\TRUNK_SVN\CODE\ENGINE\3DPARTY\CAL3D-0.11RC2\SRC\CAL3D\DEBUG\ERROR.OBJ
D:\IVAN\UAB\CODE\VIDEOGAME\TRUNK_SVN\CODE\ENGINE\3DPARTY\CAL3D-0.11RC2\SRC\CAL3D\DEBUG\GLOBAL.OBJ
D:\IVAN\UAB\CODE\VIDEOGAME\TRUNK_SVN\CODE\ENGINE\3DPARTY\CAL3D-0.11RC2\SRC\CAL3D\DEBUG\HARDWAREMODEL.OBJ
D:\IVAN\UAB\CODE\VIDEOGAME\TRUNK_SVN\CODE\ENGINE\3DPARTY\CAL3D-0.11RC2\SRC\CAL3D\DEBUG\LOADER.OBJ
D:\IVAN\UAB\CODE\VIDEOGAME\TRUNK_SVN\CODE\ENGINE\3DPARTY\CAL3D-0.11RC2\SRC\CAL3D\DEBUG\MATRIX.OBJ
D:\IVAN\UAB\CODE\VIDEOGAME\TRUNK_SVN\CODE\ENGINE\3DPARTY\CAL3D-0.11RC2\SRC\CAL3D\DEBUG\MESH.OBJ
D:\IVAN\UAB\CODE\VIDEOGAME\TRUNK_SVN\CODE\ENGINE\3DPARTY\CAL3D-0.11RC2\SRC\CAL3D\DEBUG\MIXER.OBJ
D:\IVAN\UAB\CODE\VIDEOGAME\TRUNK_SVN\CODE\ENGINE\3DPARTY\CAL3D-0.11RC2\SRC\CAL3D\DEBUG\MODEL.OBJ
D:\IVAN\UAB\CODE\VIDEOGAME\TRUNK_SVN\CODE\ENGINE\3DPARTY\CAL3D-0.11RC2\SRC\CAL3D\DEBUG\MORPHTARGETMIXER.OBJ
D:\IVAN\UAB\CODE\VIDEOGAME\TRUNK_SVN\CODE\ENGINE\3DPARTY\CAL3D-0.11RC2\SRC\CAL3D\DEBUG\PHYSIQUE.OBJ
D:\IVAN\UAB\CODE\VIDEOGAME\TRUNK_SVN\CODE\ENGINE\3DPARTY\CAL3D-0.11RC2\SRC\CAL3D\DEBUG\PLATFORM.OBJ
D:\IVAN\UAB\CODE\VIDEOGAME\TRUNK_SVN\CODE\ENGINE\3DPARTY\CAL3D-0.11RC2\SRC\CAL3D\DEBUG\QUATERNION.OBJ
D:\IVAN\UAB\CODE\VIDEOGAME\TRUNK_SVN\CODE\ENGINE\3DPARTY\CAL3D-0.11RC2\SRC\CAL3D\DEBUG\RENDERER.OBJ
D:\IVAN\UAB\CODE\VIDEOGAME\TRUNK_SVN\CODE\ENGINE\3DPARTY\CAL3D-0.11RC2\SRC\CAL3D\DEBUG\SAVER.OBJ
D:\IVAN\UAB\CODE\VIDEOGAME\TRUNK_SVN\CODE\ENGINE\3DPARTY\CAL3D-0.11RC2\SRC\CAL3D\DEBUG\SKELETON.OBJ
D:\IVAN\UAB\CODE\VIDEOGAME\TRUNK_SVN\CODE\ENGINE\3DPARTY\CAL3D-0.11RC2\SRC\CAL3D\DEBUG\SPRINGSYSTEM.OBJ
D:\IVAN\UAB\CODE\VIDEOGAME\TRUNK_SVN\CODE\ENGINE\3DPARTY\CAL3D-0.11RC2\SRC\CAL3D\DEBUG\STREAMSOURCE.OBJ
D:\IVAN\UAB\CODE\VIDEOGAME\TRUNK_SVN\CODE\ENGINE\3DPARTY\CAL3D-0.11RC2\SRC\CAL3D\DEBUG\SUBMESH.OBJ
D:\IVAN\UAB\CODE\VIDEOGAME\TRUNK_SVN\CODE\ENGINE\3DPARTY\CAL3D-0.11RC2\SRC\CAL3D\DEBUG\TINYXML.OBJ
D:\IVAN\UAB\CODE\VIDEOGAME\TRUNK_SVN\CODE\ENGINE\3DPARTY\CAL3D-0.11RC2\SRC\CAL3D\DEBUG\TINYXMLERROR.OBJ
D:\IVAN\UAB\CODE\VIDEOGAME\TRUNK_SVN\CODE\ENGINE\3DPARTY\CAL3D-0.11RC2\SRC\CAL3D\DEBUG\TINYXMLPARSER.OBJ
D:\IVAN\UAB\CODE\VIDEOGAME\TRUNK_SVN\CODE\ENGINE\3DPARTY\CAL3D-0.11RC2\SRC\CAL3D\DEBUG\VC100.PDB
D:\IVAN\UAB\CODE\VIDEOGAME\TRUNK_SVN\CODE\ENGINE\3DPARTY\CAL3D-0.11RC2\SRC\CAL3D\DEBUG\VECTOR.OBJ
