D:\iVaN\UAB\Code\videogame\trunk_SVN\\bin\Lib\luabind.lib
D:\iVaN\UAB\Code\videogame\trunk_SVN\bin\Intermediate\luabindRelease\cl.command.1.tlog
D:\iVaN\UAB\Code\videogame\trunk_SVN\bin\Intermediate\luabindRelease\CL.read.1.tlog
D:\iVaN\UAB\Code\videogame\trunk_SVN\bin\Intermediate\luabindRelease\CL.write.1.tlog
D:\IVAN\UAB\CODE\VIDEOGAME\TRUNK_SVN\BIN\INTERMEDIATE\LUABINDRELEASE\CLASS.OBJ
D:\IVAN\UAB\CODE\VIDEOGAME\TRUNK_SVN\BIN\INTERMEDIATE\LUABINDRELEASE\CLASS_INFO.OBJ
D:\IVAN\UAB\CODE\VIDEOGAME\TRUNK_SVN\BIN\INTERMEDIATE\LUABINDRELEASE\CLASS_REGISTRY.OBJ
D:\IVAN\UAB\CODE\VIDEOGAME\TRUNK_SVN\BIN\INTERMEDIATE\LUABINDRELEASE\CLASS_REP.OBJ
D:\IVAN\UAB\CODE\VIDEOGAME\TRUNK_SVN\BIN\INTERMEDIATE\LUABINDRELEASE\CREATE_CLASS.OBJ
D:\IVAN\UAB\CODE\VIDEOGAME\TRUNK_SVN\BIN\INTERMEDIATE\LUABINDRELEASE\ERROR.OBJ
D:\IVAN\UAB\CODE\VIDEOGAME\TRUNK_SVN\BIN\INTERMEDIATE\LUABINDRELEASE\EXCEPTION_HANDLER.OBJ
D:\IVAN\UAB\CODE\VIDEOGAME\TRUNK_SVN\BIN\INTERMEDIATE\LUABINDRELEASE\FUNCTION.OBJ
D:\IVAN\UAB\CODE\VIDEOGAME\TRUNK_SVN\BIN\INTERMEDIATE\LUABINDRELEASE\INHERITANCE.OBJ
D:\iVaN\UAB\Code\videogame\trunk_SVN\bin\Intermediate\luabindRelease\lib.command.1.tlog
D:\iVaN\UAB\Code\videogame\trunk_SVN\bin\Intermediate\luabindRelease\Lib-link.read.1.tlog
D:\iVaN\UAB\Code\videogame\trunk_SVN\bin\Intermediate\luabindRelease\Lib-link.write.1.tlog
D:\IVAN\UAB\CODE\VIDEOGAME\TRUNK_SVN\BIN\INTERMEDIATE\LUABINDRELEASE\LINK_COMPATIBILITY.OBJ
D:\iVaN\UAB\Code\videogame\trunk_SVN\bin\Intermediate\luabindRelease\luabind.write.1.tlog
D:\IVAN\UAB\CODE\VIDEOGAME\TRUNK_SVN\BIN\INTERMEDIATE\LUABINDRELEASE\OBJECT_REP.OBJ
D:\IVAN\UAB\CODE\VIDEOGAME\TRUNK_SVN\BIN\INTERMEDIATE\LUABINDRELEASE\OPEN.OBJ
D:\IVAN\UAB\CODE\VIDEOGAME\TRUNK_SVN\BIN\INTERMEDIATE\LUABINDRELEASE\PCALL.OBJ
D:\IVAN\UAB\CODE\VIDEOGAME\TRUNK_SVN\BIN\INTERMEDIATE\LUABINDRELEASE\SCOPE.OBJ
D:\IVAN\UAB\CODE\VIDEOGAME\TRUNK_SVN\BIN\INTERMEDIATE\LUABINDRELEASE\STACK_CONTENT_BY_NAME.OBJ
D:\IVAN\UAB\CODE\VIDEOGAME\TRUNK_SVN\BIN\INTERMEDIATE\LUABINDRELEASE\VC100.PDB
D:\IVAN\UAB\CODE\VIDEOGAME\TRUNK_SVN\BIN\INTERMEDIATE\LUABINDRELEASE\WEAK_REF.OBJ
D:\IVAN\UAB\CODE\VIDEOGAME\TRUNK_SVN\BIN\INTERMEDIATE\LUABINDRELEASE\WRAPPER_BASE.OBJ
D:\IVAN\UAB\CODE\VIDEOGAME\TRUNK_SVN\BIN\LIB\LUABIND.LIB
