D:\iVaN\UAB\Code\videogame\trunk_SVN\\run\TheOtherSide\TheOtherSide_d.exe
D:\iVaN\UAB\Code\videogame\trunk_SVN\\run\TheOtherSide\TheOtherSide_d.ilk
D:\iVaN\UAB\Code\videogame\trunk_SVN\bin\Intermediate\TheOtherSideDebug\cl.command.1.tlog
D:\iVaN\UAB\Code\videogame\trunk_SVN\bin\Intermediate\TheOtherSideDebug\CL.read.1.tlog
D:\iVaN\UAB\Code\videogame\trunk_SVN\bin\Intermediate\TheOtherSideDebug\CL.write.1.tlog
D:\IVAN\UAB\CODE\VIDEOGAME\TRUNK_SVN\BIN\INTERMEDIATE\THEOTHERSIDEDEBUG\GAMEPROCESS.OBJ
D:\iVaN\UAB\Code\videogame\trunk_SVN\bin\Intermediate\TheOtherSideDebug\link.1032.read.1.tlog
D:\iVaN\UAB\Code\videogame\trunk_SVN\bin\Intermediate\TheOtherSideDebug\link.1032.write.1.tlog
D:\iVaN\UAB\Code\videogame\trunk_SVN\bin\Intermediate\TheOtherSideDebug\link.1032-cvtres.read.1.tlog
D:\iVaN\UAB\Code\videogame\trunk_SVN\bin\Intermediate\TheOtherSideDebug\link.1032-cvtres.write.1.tlog
D:\iVaN\UAB\Code\videogame\trunk_SVN\bin\Intermediate\TheOtherSideDebug\link.1256.read.1.tlog
D:\iVaN\UAB\Code\videogame\trunk_SVN\bin\Intermediate\TheOtherSideDebug\link.1256.write.1.tlog
D:\iVaN\UAB\Code\videogame\trunk_SVN\bin\Intermediate\TheOtherSideDebug\link.1256-cvtres.read.1.tlog
D:\iVaN\UAB\Code\videogame\trunk_SVN\bin\Intermediate\TheOtherSideDebug\link.1256-cvtres.write.1.tlog
D:\iVaN\UAB\Code\videogame\trunk_SVN\bin\Intermediate\TheOtherSideDebug\link.1320.read.1.tlog
D:\iVaN\UAB\Code\videogame\trunk_SVN\bin\Intermediate\TheOtherSideDebug\link.1320.write.1.tlog
D:\iVaN\UAB\Code\videogame\trunk_SVN\bin\Intermediate\TheOtherSideDebug\link.1320-cvtres.read.1.tlog
D:\iVaN\UAB\Code\videogame\trunk_SVN\bin\Intermediate\TheOtherSideDebug\link.1320-cvtres.write.1.tlog
D:\iVaN\UAB\Code\videogame\trunk_SVN\bin\Intermediate\TheOtherSideDebug\link.1628.read.1.tlog
D:\iVaN\UAB\Code\videogame\trunk_SVN\bin\Intermediate\TheOtherSideDebug\link.1628.write.1.tlog
D:\iVaN\UAB\Code\videogame\trunk_SVN\bin\Intermediate\TheOtherSideDebug\link.1628-cvtres.read.1.tlog
D:\iVaN\UAB\Code\videogame\trunk_SVN\bin\Intermediate\TheOtherSideDebug\link.1628-cvtres.write.1.tlog
D:\iVaN\UAB\Code\videogame\trunk_SVN\bin\Intermediate\TheOtherSideDebug\link.1856.read.1.tlog
D:\iVaN\UAB\Code\videogame\trunk_SVN\bin\Intermediate\TheOtherSideDebug\link.1856.write.1.tlog
D:\iVaN\UAB\Code\videogame\trunk_SVN\bin\Intermediate\TheOtherSideDebug\link.1856-cvtres.read.1.tlog
D:\iVaN\UAB\Code\videogame\trunk_SVN\bin\Intermediate\TheOtherSideDebug\link.1856-cvtres.write.1.tlog
D:\iVaN\UAB\Code\videogame\trunk_SVN\bin\Intermediate\TheOtherSideDebug\link.2460.read.1.tlog
D:\iVaN\UAB\Code\videogame\trunk_SVN\bin\Intermediate\TheOtherSideDebug\link.2460.write.1.tlog
D:\iVaN\UAB\Code\videogame\trunk_SVN\bin\Intermediate\TheOtherSideDebug\link.2460-cvtres.read.1.tlog
D:\iVaN\UAB\Code\videogame\trunk_SVN\bin\Intermediate\TheOtherSideDebug\link.2460-cvtres.write.1.tlog
D:\iVaN\UAB\Code\videogame\trunk_SVN\bin\Intermediate\TheOtherSideDebug\link.2656.read.1.tlog
D:\iVaN\UAB\Code\videogame\trunk_SVN\bin\Intermediate\TheOtherSideDebug\link.2656.write.1.tlog
D:\iVaN\UAB\Code\videogame\trunk_SVN\bin\Intermediate\TheOtherSideDebug\link.2656-cvtres.read.1.tlog
D:\iVaN\UAB\Code\videogame\trunk_SVN\bin\Intermediate\TheOtherSideDebug\link.2656-cvtres.write.1.tlog
D:\iVaN\UAB\Code\videogame\trunk_SVN\bin\Intermediate\TheOtherSideDebug\link.2996.read.1.tlog
D:\iVaN\UAB\Code\videogame\trunk_SVN\bin\Intermediate\TheOtherSideDebug\link.2996.write.1.tlog
D:\iVaN\UAB\Code\videogame\trunk_SVN\bin\Intermediate\TheOtherSideDebug\link.2996-cvtres.read.1.tlog
D:\iVaN\UAB\Code\videogame\trunk_SVN\bin\Intermediate\TheOtherSideDebug\link.2996-cvtres.write.1.tlog
D:\iVaN\UAB\Code\videogame\trunk_SVN\bin\Intermediate\TheOtherSideDebug\link.4536.read.1.tlog
D:\iVaN\UAB\Code\videogame\trunk_SVN\bin\Intermediate\TheOtherSideDebug\link.4536.write.1.tlog
D:\iVaN\UAB\Code\videogame\trunk_SVN\bin\Intermediate\TheOtherSideDebug\link.4536-cvtres.read.1.tlog
D:\iVaN\UAB\Code\videogame\trunk_SVN\bin\Intermediate\TheOtherSideDebug\link.4536-cvtres.write.1.tlog
D:\iVaN\UAB\Code\videogame\trunk_SVN\bin\Intermediate\TheOtherSideDebug\link.5100.read.1.tlog
D:\iVaN\UAB\Code\videogame\trunk_SVN\bin\Intermediate\TheOtherSideDebug\link.5100.write.1.tlog
D:\iVaN\UAB\Code\videogame\trunk_SVN\bin\Intermediate\TheOtherSideDebug\link.5100-cvtres.read.1.tlog
D:\iVaN\UAB\Code\videogame\trunk_SVN\bin\Intermediate\TheOtherSideDebug\link.5100-cvtres.write.1.tlog
D:\iVaN\UAB\Code\videogame\trunk_SVN\bin\Intermediate\TheOtherSideDebug\link.command.1.tlog
D:\iVaN\UAB\Code\videogame\trunk_SVN\bin\Intermediate\TheOtherSideDebug\link.read.1.tlog
D:\iVaN\UAB\Code\videogame\trunk_SVN\bin\Intermediate\TheOtherSideDebug\link.write.1.tlog
D:\iVaN\UAB\Code\videogame\trunk_SVN\bin\Intermediate\TheOtherSideDebug\link-cvtres.read.1.tlog
D:\iVaN\UAB\Code\videogame\trunk_SVN\bin\Intermediate\TheOtherSideDebug\link-cvtres.write.1.tlog
D:\iVaN\UAB\Code\videogame\trunk_SVN\bin\Intermediate\TheOtherSideDebug\mt.command.1.tlog
D:\iVaN\UAB\Code\videogame\trunk_SVN\bin\Intermediate\TheOtherSideDebug\mt.read.1.tlog
D:\iVaN\UAB\Code\videogame\trunk_SVN\bin\Intermediate\TheOtherSideDebug\mt.write.1.tlog
D:\iVaN\UAB\Code\videogame\trunk_SVN\bin\Intermediate\TheOtherSideDebug\rc.command.1.tlog
D:\iVaN\UAB\Code\videogame\trunk_SVN\bin\Intermediate\TheOtherSideDebug\rc.read.1.tlog
D:\iVaN\UAB\Code\videogame\trunk_SVN\bin\Intermediate\TheOtherSideDebug\rc.write.1.tlog
D:\iVaN\UAB\Code\videogame\trunk_SVN\bin\Intermediate\TheOtherSideDebug\TheOtherSide.write.1.tlog
D:\IVAN\UAB\CODE\VIDEOGAME\TRUNK_SVN\BIN\INTERMEDIATE\THEOTHERSIDEDEBUG\THEOTHERSIDE_D.EXE.EMBED.MANIFEST
D:\IVAN\UAB\CODE\VIDEOGAME\TRUNK_SVN\BIN\INTERMEDIATE\THEOTHERSIDEDEBUG\THEOTHERSIDE_D.EXE.EMBED.MANIFEST.RES
D:\IVAN\UAB\CODE\VIDEOGAME\TRUNK_SVN\BIN\INTERMEDIATE\THEOTHERSIDEDEBUG\THEOTHERSIDE_D.EXE.INTERMEDIATE.MANIFEST
D:\iVaN\UAB\Code\videogame\trunk_SVN\bin\Intermediate\TheOtherSideDebug\TheOtherSide_d_manifest.rc
D:\iVaN\UAB\Code\videogame\trunk_SVN\bin\Intermediate\TheOtherSideDebug\vc100.idb
D:\IVAN\UAB\CODE\VIDEOGAME\TRUNK_SVN\BIN\INTERMEDIATE\THEOTHERSIDEDEBUG\VC100.PDB
D:\IVAN\UAB\CODE\VIDEOGAME\TRUNK_SVN\BIN\INTERMEDIATE\THEOTHERSIDEDEBUG\VIDEOGAME.OBJ
D:\IVAN\UAB\CODE\VIDEOGAME\TRUNK_SVN\RUN\THEOTHERSIDE\THEOTHERSIDE_D.EXE
D:\IVAN\UAB\CODE\VIDEOGAME\TRUNK_SVN\RUN\THEOTHERSIDE\THEOTHERSIDE_D.ILK
D:\IVAN\UAB\CODE\VIDEOGAME\TRUNK_SVN\RUN\THEOTHERSIDE\THEOTHERSIDE_D_D.PDB
