D:\IVAN\UAB\CODE\VIDEOGAME\TRUNK_SVN\BIN\INTERMEDIATE\GUIDEBUG\ANIMATEDIMAGE.OBJ
D:\IVAN\UAB\CODE\VIDEOGAME\TRUNK_SVN\BIN\INTERMEDIATE\GUIDEBUG\BUTTON.OBJ
D:\IVAN\UAB\CODE\VIDEOGAME\TRUNK_SVN\BIN\INTERMEDIATE\GUIDEBUG\CHECKBUTTON.OBJ
D:\iVaN\UAB\Code\videogame\trunk_SVN\bin\Intermediate\GUIDebug\cl.command.1.tlog
D:\iVaN\UAB\Code\videogame\trunk_SVN\bin\Intermediate\GUIDebug\CL.read.1.tlog
D:\iVaN\UAB\Code\videogame\trunk_SVN\bin\Intermediate\GUIDebug\CL.write.1.tlog
D:\IVAN\UAB\CODE\VIDEOGAME\TRUNK_SVN\BIN\INTERMEDIATE\GUIDEBUG\DIALOGBOX.OBJ
D:\IVAN\UAB\CODE\VIDEOGAME\TRUNK_SVN\BIN\INTERMEDIATE\GUIDEBUG\EDITABLETEXTBOX.OBJ
D:\iVaN\UAB\Code\videogame\trunk_SVN\bin\Intermediate\GUIDebug\GUI.write.1.tlog
D:\IVAN\UAB\CODE\VIDEOGAME\TRUNK_SVN\BIN\INTERMEDIATE\GUIDEBUG\GUIELEMENT.OBJ
D:\IVAN\UAB\CODE\VIDEOGAME\TRUNK_SVN\BIN\INTERMEDIATE\GUIDEBUG\GUIMANAGER.OBJ
D:\IVAN\UAB\CODE\VIDEOGAME\TRUNK_SVN\BIN\INTERMEDIATE\GUIDEBUG\GUIWINDOW.OBJ
D:\IVAN\UAB\CODE\VIDEOGAME\TRUNK_SVN\BIN\INTERMEDIATE\GUIDEBUG\IMAGE.OBJ
D:\iVaN\UAB\Code\videogame\trunk_SVN\bin\Intermediate\GUIDebug\lib.command.1.tlog
D:\iVaN\UAB\Code\videogame\trunk_SVN\bin\Intermediate\GUIDebug\Lib-link.read.1.tlog
D:\iVaN\UAB\Code\videogame\trunk_SVN\bin\Intermediate\GUIDebug\Lib-link.write.1.tlog
D:\IVAN\UAB\CODE\VIDEOGAME\TRUNK_SVN\BIN\INTERMEDIATE\GUIDEBUG\POINTERMOUSE.OBJ
D:\IVAN\UAB\CODE\VIDEOGAME\TRUNK_SVN\BIN\INTERMEDIATE\GUIDEBUG\PROGRESSBAR.OBJ
D:\IVAN\UAB\CODE\VIDEOGAME\TRUNK_SVN\BIN\INTERMEDIATE\GUIDEBUG\RADIOBOX.OBJ
D:\IVAN\UAB\CODE\VIDEOGAME\TRUNK_SVN\BIN\INTERMEDIATE\GUIDEBUG\SLIDER.OBJ
D:\IVAN\UAB\CODE\VIDEOGAME\TRUNK_SVN\BIN\INTERMEDIATE\GUIDEBUG\STATICTEXT.OBJ
D:\IVAN\UAB\CODE\VIDEOGAME\TRUNK_SVN\BIN\INTERMEDIATE\GUIDEBUG\TEXTBOX.OBJ
D:\iVaN\UAB\Code\videogame\trunk_SVN\bin\Intermediate\GUIDebug\vc100.idb
D:\IVAN\UAB\CODE\VIDEOGAME\TRUNK_SVN\BIN\INTERMEDIATE\GUIDEBUG\VC100.PDB
D:\IVAN\UAB\CODE\VIDEOGAME\TRUNK_SVN\BIN\LIB\GUI_D.LIB
